{"C:\\Coding\\ESS\\OpsiMate\\apps\\server\\eslint.config.mjs": {"path":"C:\\Coding\\ESS\\OpsiMate\\apps\\server\\eslint.config.mjs","all":true,"statementMap":{"0":{"start":{"line":1,"column":0},"end":{"line":1,"column":19}},"1":{"start":{"line":2,"column":0},"end":{"line":2,"column":28}},"2":{"start":{"line":3,"column":0},"end":{"line":3,"column":41}},"3":{"start":{"line":4,"column":0},"end":{"line":4,"column":0}},"4":{"start":{"line":5,"column":0},"end":{"line":5,"column":16}},"5":{"start":{"line":6,"column":0},"end":{"line":6,"column":24}},"6":{"start":{"line":7,"column":0},"end":{"line":7,"column":33}},"7":{"start":{"line":8,"column":0},"end":{"line":8,"column":44}},"8":{"start":{"line":9,"column":0},"end":{"line":9,"column":2}},"9":{"start":{"line":10,"column":0},"end":{"line":10,"column":21}},"10":{"start":{"line":11,"column":0},"end":{"line":11,"column":20}},"11":{"start":{"line":12,"column":0},"end":{"line":12,"column":19}},"12":{"start":{"line":13,"column":0},"end":{"line":13,"column":31}},"13":{"start":{"line":14,"column":0},"end":{"line":14,"column":5}},"14":{"start":{"line":15,"column":0},"end":{"line":15,"column":4}},"15":{"start":{"line":16,"column":0},"end":{"line":16,"column":10}},"16":{"start":{"line":17,"column":0},"end":{"line":17,"column":103}},"17":{"start":{"line":18,"column":0},"end":{"line":18,"column":48}},"18":{"start":{"line":19,"column":0},"end":{"line":19,"column":54}},"19":{"start":{"line":20,"column":0},"end":{"line":20,"column":24}},"20":{"start":{"line":21,"column":0},"end":{"line":21,"column":4}},"21":{"start":{"line":22,"column":0},"end":{"line":22,"column":3}},"22":{"start":{"line":23,"column":0},"end":{"line":23,"column":2}}},"s":{"0":0,"1":0,"2":0,"3":0,"4":0,"5":0,"6":0,"7":0,"8":0,"9":0,"10":0,"11":0,"12":0,"13":0,"14":0,"15":0,"16":0,"17":0,"18":0,"19":0,"20":0,"21":0,"22":0},"branchMap":{"0":{"type":"branch","line":1,"loc":{"start":{"line":1,"column":599},"end":{"line":23,"column":2}},"locations":[{"start":{"line":1,"column":599},"end":{"line":23,"column":2}}]}},"b":{"0":[0]},"fnMap":{"0":{"name":"(empty-report)","decl":{"start":{"line":1,"column":599},"end":{"line":23,"column":2}},"loc":{"start":{"line":1,"column":599},"end":{"line":23,"column":2}},"line":1}},"f":{"0":0}}
,"C:\\Coding\\ESS\\OpsiMate\\apps\\server\\vite.config.prod.ts": {"path":"C:\\Coding\\ESS\\OpsiMate\\apps\\server\\vite.config.prod.ts","all":true,"statementMap":{"0":{"start":{"line":1,"column":0},"end":{"line":1,"column":36}},"1":{"start":{"line":2,"column":0},"end":{"line":2,"column":31}},"3":{"start":{"line":4,"column":0},"end":{"line":4,"column":29}},"4":{"start":{"line":5,"column":0},"end":{"line":5,"column":9}},"5":{"start":{"line":6,"column":0},"end":{"line":6,"column":19}},"6":{"start":{"line":7,"column":0},"end":{"line":7,"column":17}},"7":{"start":{"line":8,"column":0},"end":{"line":8,"column":12}},"8":{"start":{"line":9,"column":0},"end":{"line":9,"column":8}},"9":{"start":{"line":10,"column":0},"end":{"line":10,"column":45}},"10":{"start":{"line":11,"column":0},"end":{"line":11,"column":26}},"11":{"start":{"line":12,"column":0},"end":{"line":12,"column":21}},"12":{"start":{"line":13,"column":0},"end":{"line":13,"column":19}},"13":{"start":{"line":14,"column":0},"end":{"line":14,"column":4}},"14":{"start":{"line":15,"column":0},"end":{"line":15,"column":18}},"15":{"start":{"line":16,"column":0},"end":{"line":16,"column":14}},"17":{"start":{"line":18,"column":0},"end":{"line":18,"column":9}},"18":{"start":{"line":19,"column":0},"end":{"line":19,"column":11}},"19":{"start":{"line":20,"column":0},"end":{"line":20,"column":10}},"20":{"start":{"line":21,"column":0},"end":{"line":21,"column":11}},"21":{"start":{"line":22,"column":0},"end":{"line":22,"column":13}},"22":{"start":{"line":23,"column":0},"end":{"line":23,"column":9}},"23":{"start":{"line":24,"column":0},"end":{"line":24,"column":20}},"24":{"start":{"line":25,"column":0},"end":{"line":25,"column":11}},"25":{"start":{"line":26,"column":0},"end":{"line":26,"column":12}},"26":{"start":{"line":27,"column":0},"end":{"line":27,"column":10}},"27":{"start":{"line":28,"column":0},"end":{"line":28,"column":10}},"28":{"start":{"line":29,"column":0},"end":{"line":29,"column":13}},"29":{"start":{"line":30,"column":0},"end":{"line":30,"column":13}},"30":{"start":{"line":31,"column":0},"end":{"line":31,"column":13}},"32":{"start":{"line":33,"column":0},"end":{"line":33,"column":14}},"33":{"start":{"line":34,"column":0},"end":{"line":34,"column":11}},"34":{"start":{"line":35,"column":0},"end":{"line":35,"column":13}},"35":{"start":{"line":36,"column":0},"end":{"line":36,"column":21}},"36":{"start":{"line":37,"column":0},"end":{"line":37,"column":19}},"37":{"start":{"line":38,"column":0},"end":{"line":38,"column":30}},"38":{"start":{"line":39,"column":0},"end":{"line":39,"column":15}},"39":{"start":{"line":40,"column":0},"end":{"line":40,"column":17}},"40":{"start":{"line":41,"column":0},"end":{"line":41,"column":13}},"41":{"start":{"line":42,"column":0},"end":{"line":42,"column":14}},"42":{"start":{"line":43,"column":0},"end":{"line":43,"column":10}},"43":{"start":{"line":44,"column":0},"end":{"line":44,"column":29}},"44":{"start":{"line":45,"column":0},"end":{"line":45,"column":12}},"45":{"start":{"line":46,"column":0},"end":{"line":46,"column":23}},"46":{"start":{"line":47,"column":0},"end":{"line":47,"column":5}},"47":{"start":{"line":48,"column":0},"end":{"line":48,"column":12}},"48":{"start":{"line":49,"column":0},"end":{"line":49,"column":17}},"49":{"start":{"line":50,"column":0},"end":{"line":50,"column":5}},"50":{"start":{"line":51,"column":0},"end":{"line":51,"column":4}},"51":{"start":{"line":52,"column":0},"end":{"line":52,"column":16}},"52":{"start":{"line":53,"column":0},"end":{"line":53,"column":18}},"53":{"start":{"line":54,"column":0},"end":{"line":54,"column":20}},"54":{"start":{"line":55,"column":0},"end":{"line":55,"column":29}},"55":{"start":{"line":56,"column":0},"end":{"line":56,"column":33}},"56":{"start":{"line":57,"column":0},"end":{"line":57,"column":4}},"57":{"start":{"line":58,"column":0},"end":{"line":58,"column":3}},"59":{"start":{"line":60,"column":0},"end":{"line":60,"column":16}},"60":{"start":{"line":61,"column":0},"end":{"line":61,"column":57}},"61":{"start":{"line":62,"column":0},"end":{"line":62,"column":3}},"62":{"start":{"line":63,"column":0},"end":{"line":63,"column":10}},"63":{"start":{"line":64,"column":0},"end":{"line":64,"column":41}},"64":{"start":{"line":65,"column":0},"end":{"line":65,"column":3}},"65":{"start":{"line":66,"column":0},"end":{"line":66,"column":3}}},"s":{"0":0,"1":0,"3":0,"4":0,"5":0,"6":0,"7":0,"8":0,"9":0,"10":0,"11":0,"12":0,"13":0,"14":0,"15":0,"17":0,"18":0,"19":0,"20":0,"21":0,"22":0,"23":0,"24":0,"25":0,"26":0,"27":0,"28":0,"29":0,"30":0,"32":0,"33":0,"34":0,"35":0,"36":0,"37":0,"38":0,"39":0,"40":0,"41":0,"42":0,"43":0,"44":0,"45":0,"46":0,"47":0,"48":0,"49":0,"50":0,"51":0,"52":0,"53":0,"54":0,"55":0,"56":0,"57":0,"59":0,"60":0,"61":0,"62":0,"63":0,"64":0,"65":0},"branchMap":{"0":{"type":"branch","line":1,"loc":{"start":{"line":1,"column":1253},"end":{"line":66,"column":3}},"locations":[{"start":{"line":1,"column":1253},"end":{"line":66,"column":3}}]}},"b":{"0":[0]},"fnMap":{"0":{"name":"(empty-report)","decl":{"start":{"line":1,"column":1253},"end":{"line":66,"column":3}},"loc":{"start":{"line":1,"column":1253},"end":{"line":66,"column":3}},"line":1}},"f":{"0":0}}
,"C:\\Coding\\ESS\\OpsiMate\\apps\\server\\vite.config.ts": {"path":"C:\\Coding\\ESS\\OpsiMate\\apps\\server\\vite.config.ts","all":true,"statementMap":{"0":{"start":{"line":1,"column":0},"end":{"line":1,"column":36}},"1":{"start":{"line":2,"column":0},"end":{"line":2,"column":50}},"3":{"start":{"line":4,"column":0},"end":{"line":4,"column":35}},"4":{"start":{"line":5,"column":0},"end":{"line":5,"column":9}},"5":{"start":{"line":6,"column":0},"end":{"line":6,"column":11}},"6":{"start":{"line":7,"column":0},"end":{"line":7,"column":14}},"7":{"start":{"line":8,"column":0},"end":{"line":8,"column":19}},"8":{"start":{"line":9,"column":0},"end":{"line":9,"column":15}},"9":{"start":{"line":10,"column":0},"end":{"line":10,"column":4}},"10":{"start":{"line":11,"column":0},"end":{"line":11,"column":12}},"11":{"start":{"line":12,"column":0},"end":{"line":12,"column":22}},"12":{"start":{"line":13,"column":0},"end":{"line":13,"column":23}},"13":{"start":{"line":14,"column":0},"end":{"line":14,"column":33}},"14":{"start":{"line":15,"column":0},"end":{"line":15,"column":30}},"15":{"start":{"line":16,"column":0},"end":{"line":16,"column":26}},"16":{"start":{"line":17,"column":0},"end":{"line":17,"column":17}},"17":{"start":{"line":18,"column":0},"end":{"line":18,"column":11}},"18":{"start":{"line":19,"column":0},"end":{"line":19,"column":23}},"19":{"start":{"line":20,"column":0},"end":{"line":20,"column":7}},"20":{"start":{"line":21,"column":0},"end":{"line":21,"column":6}},"21":{"start":{"line":22,"column":0},"end":{"line":22,"column":6}},"22":{"start":{"line":23,"column":0},"end":{"line":23,"column":4}},"23":{"start":{"line":24,"column":0},"end":{"line":24,"column":17}},"24":{"start":{"line":25,"column":0},"end":{"line":25,"column":31}},"25":{"start":{"line":26,"column":0},"end":{"line":26,"column":4}},"26":{"start":{"line":27,"column":0},"end":{"line":27,"column":3}},"27":{"start":{"line":28,"column":0},"end":{"line":28,"column":3}}},"s":{"0":0,"1":0,"3":0,"4":0,"5":0,"6":0,"7":0,"8":0,"9":0,"10":0,"11":0,"12":0,"13":0,"14":0,"15":0,"16":0,"17":0,"18":0,"19":0,"20":0,"21":0,"22":0,"23":0,"24":0,"25":0,"26":0,"27":0},"branchMap":{"0":{"type":"branch","line":1,"loc":{"start":{"line":1,"column":525},"end":{"line":28,"column":3}},"locations":[{"start":{"line":1,"column":525},"end":{"line":28,"column":3}}]}},"b":{"0":[0]},"fnMap":{"0":{"name":"(empty-report)","decl":{"start":{"line":1,"column":525},"end":{"line":28,"column":3}},"loc":{"start":{"line":1,"column":525},"end":{"line":28,"column":3}},"line":1}},"f":{"0":0}}
,"C:\\Coding\\ESS\\OpsiMate\\apps\\server\\vitest.config.ts": {"path":"C:\\Coding\\ESS\\OpsiMate\\apps\\server\\vitest.config.ts","all":true,"statementMap":{"0":{"start":{"line":1,"column":0},"end":{"line":1,"column":45}},"1":{"start":{"line":2,"column":0},"end":{"line":2,"column":24}},"3":{"start":{"line":4,"column":0},"end":{"line":4,"column":29}},"4":{"start":{"line":5,"column":0},"end":{"line":5,"column":8}},"5":{"start":{"line":6,"column":0},"end":{"line":6,"column":16}},"6":{"start":{"line":7,"column":0},"end":{"line":7,"column":22}},"7":{"start":{"line":8,"column":0},"end":{"line":8,"column":35}},"8":{"start":{"line":9,"column":0},"end":{"line":9,"column":13}},"9":{"start":{"line":10,"column":0},"end":{"line":10,"column":18}},"10":{"start":{"line":11,"column":0},"end":{"line":11,"column":53}},"11":{"start":{"line":12,"column":0},"end":{"line":12,"column":94}},"12":{"start":{"line":13,"column":0},"end":{"line":13,"column":4}},"13":{"start":{"line":14,"column":0},"end":{"line":14,"column":3}},"14":{"start":{"line":15,"column":0},"end":{"line":15,"column":11}},"15":{"start":{"line":16,"column":0},"end":{"line":16,"column":10}},"16":{"start":{"line":17,"column":0},"end":{"line":17,"column":76}},"17":{"start":{"line":18,"column":0},"end":{"line":18,"column":4}},"18":{"start":{"line":19,"column":0},"end":{"line":19,"column":3}},"19":{"start":{"line":20,"column":0},"end":{"line":20,"column":3}}},"s":{"0":0,"1":0,"3":0,"4":0,"5":0,"6":0,"7":0,"8":0,"9":0,"10":0,"11":0,"12":0,"13":0,"14":0,"15":0,"16":0,"17":0,"18":0,"19":0},"branchMap":{"0":{"type":"branch","line":1,"loc":{"start":{"line":1,"column":509},"end":{"line":20,"column":3}},"locations":[{"start":{"line":1,"column":509},"end":{"line":20,"column":3}}]}},"b":{"0":[0]},"fnMap":{"0":{"name":"(empty-report)","decl":{"start":{"line":1,"column":509},"end":{"line":20,"column":3}},"loc":{"start":{"line":1,"column":509},"end":{"line":20,"column":3}},"line":1}},"f":{"0":0}}
,"C:\\Coding\\ESS\\OpsiMate\\apps\\server\\src\\app.ts": {"path":"C:\\Coding\\ESS\\OpsiMate\\apps\\server\\src\\app.ts","all":false,"statementMap":{"43":{"start":{"line":44,"column":0},"end":{"line":44,"column":120}},"44":{"start":{"line":45,"column":0},"end":{"line":45,"column":23}},"46":{"start":{"line":47,"column":0},"end":{"line":47,"column":25}},"48":{"start":{"line":49,"column":0},"end":{"line":49,"column":9}},"49":{"start":{"line":50,"column":0},"end":{"line":50,"column":8}},"50":{"start":{"line":51,"column":0},"end":{"line":51,"column":34}},"52":{"start":{"line":53,"column":0},"end":{"line":53,"column":45}},"53":{"start":{"line":54,"column":0},"end":{"line":54,"column":34}},"54":{"start":{"line":55,"column":0},"end":{"line":55,"column":5}},"55":{"start":{"line":56,"column":0},"end":{"line":56,"column":21}},"56":{"start":{"line":57,"column":0},"end":{"line":57,"column":65}},"57":{"start":{"line":58,"column":0},"end":{"line":58,"column":53}},"58":{"start":{"line":59,"column":0},"end":{"line":59,"column":4}},"59":{"start":{"line":60,"column":0},"end":{"line":60,"column":3}},"62":{"start":{"line":63,"column":0},"end":{"line":63,"column":49}},"63":{"start":{"line":64,"column":0},"end":{"line":64,"column":47}},"64":{"start":{"line":65,"column":0},"end":{"line":65,"column":41}},"65":{"start":{"line":66,"column":0},"end":{"line":66,"column":39}},"66":{"start":{"line":67,"column":0},"end":{"line":67,"column":55}},"67":{"start":{"line":68,"column":0},"end":{"line":68,"column":43}},"68":{"start":{"line":69,"column":0},"end":{"line":69,"column":41}},"69":{"start":{"line":70,"column":0},"end":{"line":70,"column":49}},"70":{"start":{"line":71,"column":0},"end":{"line":71,"column":63}},"71":{"start":{"line":72,"column":0},"end":{"line":72,"column":69}},"72":{"start":{"line":73,"column":0},"end":{"line":73,"column":79}},"73":{"start":{"line":74,"column":0},"end":{"line":74,"column":61}},"74":{"start":{"line":75,"column":0},"end":{"line":75,"column":57}},"77":{"start":{"line":78,"column":0},"end":{"line":78,"column":37}},"78":{"start":{"line":79,"column":0},"end":{"line":79,"column":31}},"81":{"start":{"line":82,"column":0},"end":{"line":82,"column":20}},"82":{"start":{"line":83,"column":0},"end":{"line":83,"column":36}},"83":{"start":{"line":84,"column":0},"end":{"line":84,"column":34}},"84":{"start":{"line":85,"column":0},"end":{"line":85,"column":28}},"85":{"start":{"line":86,"column":0},"end":{"line":86,"column":27}},"86":{"start":{"line":87,"column":0},"end":{"line":87,"column":42}},"87":{"start":{"line":88,"column":0},"end":{"line":88,"column":30}},"88":{"start":{"line":89,"column":0},"end":{"line":89,"column":28}},"89":{"start":{"line":90,"column":0},"end":{"line":90,"column":36}},"90":{"start":{"line":91,"column":0},"end":{"line":91,"column":49}},"91":{"start":{"line":92,"column":0},"end":{"line":92,"column":55}},"92":{"start":{"line":93,"column":0},"end":{"line":93,"column":65}},"93":{"start":{"line":94,"column":0},"end":{"line":94,"column":47}},"94":{"start":{"line":95,"column":0},"end":{"line":95,"column":44}},"95":{"start":{"line":96,"column":0},"end":{"line":96,"column":4}},"98":{"start":{"line":99,"column":0},"end":{"line":99,"column":43}},"99":{"start":{"line":100,"column":0},"end":{"line":100,"column":92}},"100":{"start":{"line":101,"column":0},"end":{"line":101,"column":40}},"101":{"start":{"line":102,"column":0},"end":{"line":102,"column":67}},"102":{"start":{"line":103,"column":0},"end":{"line":103,"column":78}},"103":{"start":{"line":104,"column":0},"end":{"line":104,"column":78}},"104":{"start":{"line":105,"column":0},"end":{"line":105,"column":108}},"105":{"start":{"line":106,"column":0},"end":{"line":106,"column":57}},"106":{"start":{"line":107,"column":0},"end":{"line":107,"column":107}},"109":{"start":{"line":110,"column":0},"end":{"line":110,"column":84}},"110":{"start":{"line":111,"column":0},"end":{"line":111,"column":49}},"111":{"start":{"line":112,"column":0},"end":{"line":112,"column":15}},"112":{"start":{"line":113,"column":0},"end":{"line":113,"column":14}},"113":{"start":{"line":114,"column":0},"end":{"line":114,"column":13}},"114":{"start":{"line":115,"column":0},"end":{"line":115,"column":23}},"115":{"start":{"line":116,"column":0},"end":{"line":116,"column":10}},"116":{"start":{"line":117,"column":0},"end":{"line":117,"column":9}},"117":{"start":{"line":118,"column":0},"end":{"line":118,"column":3}},"118":{"start":{"line":119,"column":0},"end":{"line":119,"column":65}},"119":{"start":{"line":120,"column":0},"end":{"line":120,"column":72}},"120":{"start":{"line":121,"column":0},"end":{"line":121,"column":72}},"121":{"start":{"line":122,"column":0},"end":{"line":122,"column":54}},"122":{"start":{"line":123,"column":0},"end":{"line":123,"column":53}},"123":{"start":{"line":124,"column":0},"end":{"line":124,"column":54}},"124":{"start":{"line":125,"column":0},"end":{"line":125,"column":66}},"125":{"start":{"line":126,"column":0},"end":{"line":126,"column":81}},"126":{"start":{"line":127,"column":0},"end":{"line":127,"column":77}},"128":{"start":{"line":129,"column":0},"end":{"line":129,"column":28}},"129":{"start":{"line":130,"column":0},"end":{"line":130,"column":9}},"130":{"start":{"line":131,"column":0},"end":{"line":131,"column":12}},"131":{"start":{"line":132,"column":0},"end":{"line":132,"column":17}},"132":{"start":{"line":133,"column":0},"end":{"line":133,"column":22}},"133":{"start":{"line":134,"column":0},"end":{"line":134,"column":21}},"134":{"start":{"line":135,"column":0},"end":{"line":135,"column":18}},"135":{"start":{"line":136,"column":0},"end":{"line":136,"column":17}},"136":{"start":{"line":137,"column":0},"end":{"line":137,"column":25}},"137":{"start":{"line":138,"column":0},"end":{"line":138,"column":19}},"138":{"start":{"line":139,"column":0},"end":{"line":139,"column":19}},"139":{"start":{"line":140,"column":0},"end":{"line":140,"column":19}},"140":{"start":{"line":141,"column":0},"end":{"line":141,"column":20}},"141":{"start":{"line":142,"column":0},"end":{"line":142,"column":26}},"142":{"start":{"line":143,"column":0},"end":{"line":143,"column":26}},"143":{"start":{"line":144,"column":0},"end":{"line":144,"column":3}},"144":{"start":{"line":145,"column":0},"end":{"line":145,"column":3}},"146":{"start":{"line":147,"column":0},"end":{"line":147,"column":26}},"147":{"start":{"line":148,"column":0},"end":{"line":148,"column":47}},"148":{"start":{"line":149,"column":0},"end":{"line":149,"column":79}},"149":{"start":{"line":150,"column":0},"end":{"line":150,"column":2}},"151":{"start":{"line":152,"column":0},"end":{"line":152,"column":12}},"152":{"start":{"line":153,"column":0},"end":{"line":153,"column":1}}},"s":{"43":7,"44":7,"46":7,"48":7,"49":7,"50":7,"52":156,"53":0,"54":156,"55":7,"56":7,"57":7,"58":7,"59":7,"62":7,"63":7,"64":7,"65":7,"66":7,"67":7,"68":7,"69":7,"70":7,"71":7,"72":7,"73":7,"74":7,"77":7,"78":7,"81":7,"82":7,"83":7,"84":7,"85":7,"86":7,"87":7,"88":7,"89":7,"90":7,"91":7,"92":7,"93":7,"94":7,"95":7,"98":7,"99":7,"100":7,"101":7,"102":7,"103":7,"104":7,"105":7,"106":7,"109":7,"110":7,"111":7,"112":7,"113":7,"114":7,"115":7,"116":7,"117":7,"118":7,"119":7,"120":7,"121":7,"122":7,"123":7,"124":7,"125":7,"126":7,"128":7,"129":7,"130":7,"131":7,"132":7,"133":7,"134":7,"135":7,"136":7,"137":7,"138":7,"139":7,"140":7,"141":7,"142":7,"143":7,"144":7,"146":7,"147":0,"148":0,"149":0,"151":7,"152":7},"branchMap":{"0":{"type":"branch","line":44,"loc":{"start":{"line":44,"column":0},"end":{"line":153,"column":1}},"locations":[{"start":{"line":44,"column":0},"end":{"line":153,"column":1}}]},"1":{"type":"branch","line":147,"loc":{"start":{"line":147,"column":5},"end":{"line":147,"column":25}},"locations":[{"start":{"line":147,"column":5},"end":{"line":147,"column":25}}]},"2":{"type":"branch","line":147,"loc":{"start":{"line":147,"column":25},"end":{"line":150,"column":2}},"locations":[{"start":{"line":147,"column":25},"end":{"line":150,"column":2}}]},"3":{"type":"branch","line":51,"loc":{"start":{"line":51,"column":11},"end":{"line":55,"column":5}},"locations":[{"start":{"line":51,"column":11},"end":{"line":55,"column":5}}]},"4":{"type":"branch","line":53,"loc":{"start":{"line":53,"column":43},"end":{"line":54,"column":34}},"locations":[{"start":{"line":53,"column":43},"end":{"line":54,"column":34}}]}},"b":{"0":[7],"1":[0],"2":[0],"3":[156],"4":[0]},"fnMap":{"0":{"name":"createApp","decl":{"start":{"line":44,"column":0},"end":{"line":153,"column":1}},"loc":{"start":{"line":44,"column":0},"end":{"line":153,"column":1}},"line":44},"1":{"name":"origin","decl":{"start":{"line":51,"column":11},"end":{"line":55,"column":5}},"loc":{"start":{"line":51,"column":11},"end":{"line":55,"column":5}},"line":51}},"f":{"0":7,"1":156}}
,"C:\\Coding\\ESS\\OpsiMate\\apps\\server\\src\\index.ts": {"path":"C:\\Coding\\ESS\\OpsiMate\\apps\\server\\src\\index.ts","all":true,"statementMap":{"0":{"start":{"line":1,"column":0},"end":{"line":1,"column":40}},"1":{"start":{"line":2,"column":0},"end":{"line":2,"column":34}},"2":{"start":{"line":3,"column":0},"end":{"line":3,"column":50}},"3":{"start":{"line":4,"column":0},"end":{"line":4,"column":42}},"4":{"start":{"line":5,"column":0},"end":{"line":5,"column":59}},"6":{"start":{"line":7,"column":0},"end":{"line":7,"column":36}},"8":{"start":{"line":9,"column":0},"end":{"line":9,"column":20}},"9":{"start":{"line":10,"column":0},"end":{"line":10,"column":40}},"12":{"start":{"line":13,"column":0},"end":{"line":13,"column":84}},"13":{"start":{"line":14,"column":0},"end":{"line":14,"column":52}},"15":{"start":{"line":16,"column":0},"end":{"line":16,"column":27}},"16":{"start":{"line":17,"column":0},"end":{"line":17,"column":28}},"17":{"start":{"line":18,"column":0},"end":{"line":18,"column":55}},"19":{"start":{"line":20,"column":0},"end":{"line":20,"column":31}},"20":{"start":{"line":21,"column":0},"end":{"line":21,"column":51}},"21":{"start":{"line":22,"column":0},"end":{"line":22,"column":4}},"22":{"start":{"line":23,"column":0},"end":{"line":23,"column":5}}},"s":{"0":0,"1":0,"2":0,"3":0,"4":0,"6":0,"8":0,"9":0,"12":0,"13":0,"15":0,"16":0,"17":0,"19":0,"20":0,"21":0,"22":0},"branchMap":{"0":{"type":"branch","line":1,"loc":{"start":{"line":1,"column":756},"end":{"line":23,"column":5}},"locations":[{"start":{"line":1,"column":756},"end":{"line":23,"column":5}}]}},"b":{"0":[0]},"fnMap":{"0":{"name":"(empty-report)","decl":{"start":{"line":1,"column":756},"end":{"line":23,"column":5}},"loc":{"start":{"line":1,"column":756},"end":{"line":23,"column":5}},"line":1}},"f":{"0":0}}
,"C:\\Coding\\ESS\\OpsiMate\\apps\\server\\src\\vite-app.ts": {"path":"C:\\Coding\\ESS\\OpsiMate\\apps\\server\\src\\vite-app.ts","all":true,"statementMap":{"5":{"start":{"line":6,"column":0},"end":{"line":6,"column":41}},"7":{"start":{"line":8,"column":0},"end":{"line":8,"column":27}},"8":{"start":{"line":9,"column":0},"end":{"line":9,"column":50}},"9":{"start":{"line":10,"column":0},"end":{"line":10,"column":5}}},"s":{"5":0,"7":0,"8":0,"9":0},"branchMap":{"0":{"type":"branch","line":1,"loc":{"start":{"line":1,"column":361},"end":{"line":10,"column":5}},"locations":[{"start":{"line":1,"column":361},"end":{"line":10,"column":5}}]}},"b":{"0":[1]},"fnMap":{"0":{"name":"(empty-report)","decl":{"start":{"line":1,"column":361},"end":{"line":10,"column":5}},"loc":{"start":{"line":1,"column":361},"end":{"line":10,"column":5}},"line":1}},"f":{"0":1}}
,"C:\\Coding\\ESS\\OpsiMate\\apps\\server\\src\\api\\health.ts": {"path":"C:\\Coding\\ESS\\OpsiMate\\apps\\server\\src\\api\\health.ts","all":false,"statementMap":{"1":{"start":{"line":2,"column":0},"end":{"line":2,"column":51}},"2":{"start":{"line":3,"column":0},"end":{"line":3,"column":50}},"4":{"start":{"line":5,"column":0},"end":{"line":5,"column":31}},"6":{"start":{"line":7,"column":0},"end":{"line":7,"column":51}},"7":{"start":{"line":8,"column":0},"end":{"line":8,"column":16}},"8":{"start":{"line":9,"column":0},"end":{"line":9,"column":1}},"10":{"start":{"line":11,"column":0},"end":{"line":11,"column":58}},"11":{"start":{"line":12,"column":0},"end":{"line":12,"column":39}},"12":{"start":{"line":13,"column":0},"end":{"line":13,"column":30}},"13":{"start":{"line":14,"column":0},"end":{"line":14,"column":16}},"14":{"start":{"line":15,"column":0},"end":{"line":15,"column":9}},"15":{"start":{"line":16,"column":0},"end":{"line":16,"column":32}},"16":{"start":{"line":17,"column":0},"end":{"line":17,"column":4}},"17":{"start":{"line":18,"column":0},"end":{"line":18,"column":4}},"18":{"start":{"line":19,"column":0},"end":{"line":19,"column":1}},"20":{"start":{"line":21,"column":0},"end":{"line":21,"column":35}},"22":{"start":{"line":23,"column":0},"end":{"line":23,"column":48}},"24":{"start":{"line":25,"column":0},"end":{"line":25,"column":51}},"25":{"start":{"line":26,"column":0},"end":{"line":26,"column":11}},"26":{"start":{"line":27,"column":0},"end":{"line":27,"column":40}},"27":{"start":{"line":28,"column":0},"end":{"line":28,"column":37}},"28":{"start":{"line":29,"column":0},"end":{"line":29,"column":38}},"29":{"start":{"line":30,"column":0},"end":{"line":30,"column":4}},"30":{"start":{"line":31,"column":0},"end":{"line":31,"column":3}},"32":{"start":{"line":33,"column":0},"end":{"line":33,"column":22}}},"s":{"1":1,"2":1,"4":1,"6":1,"7":1,"8":1,"10":1,"11":1,"12":1,"13":1,"14":1,"15":1,"16":1,"17":1,"18":1,"20":1,"22":1,"24":1,"25":1,"26":1,"27":1,"28":1,"29":1,"30":1,"32":1},"branchMap":{"0":{"type":"branch","line":7,"loc":{"start":{"line":7,"column":0},"end":{"line":9,"column":1}},"locations":[{"start":{"line":7,"column":0},"end":{"line":9,"column":1}}]},"1":{"type":"branch","line":11,"loc":{"start":{"line":11,"column":0},"end":{"line":19,"column":1}},"locations":[{"start":{"line":11,"column":0},"end":{"line":19,"column":1}}]},"2":{"type":"branch","line":25,"loc":{"start":{"line":25,"column":16},"end":{"line":31,"column":3}},"locations":[{"start":{"line":25,"column":16},"end":{"line":31,"column":3}}]}},"b":{"0":[1],"1":[1],"2":[1]},"fnMap":{"0":{"name":"healthCheck","decl":{"start":{"line":7,"column":0},"end":{"line":9,"column":1}},"loc":{"start":{"line":7,"column":0},"end":{"line":9,"column":1}},"line":7},"1":{"name":"emailStatusHandler","decl":{"start":{"line":11,"column":0},"end":{"line":19,"column":1}},"loc":{"start":{"line":11,"column":0},"end":{"line":19,"column":1}},"line":11}},"f":{"0":1,"1":1}}
,"C:\\Coding\\ESS\\OpsiMate\\apps\\server\\src\\api\\v1\\v1.ts": {"path":"C:\\Coding\\ESS\\OpsiMate\\apps\\server\\src\\api\\v1\\v1.ts","all":false,"statementMap":{"26":{"start":{"line":27,"column":0},"end":{"line":27,"column":39}},"27":{"start":{"line":28,"column":0},"end":{"line":28,"column":40}},"28":{"start":{"line":29,"column":0},"end":{"line":29,"column":38}},"29":{"start":{"line":30,"column":0},"end":{"line":30,"column":32}},"30":{"start":{"line":31,"column":0},"end":{"line":31,"column":30}},"31":{"start":{"line":32,"column":0},"end":{"line":32,"column":46}},"32":{"start":{"line":33,"column":0},"end":{"line":33,"column":34}},"33":{"start":{"line":34,"column":0},"end":{"line":34,"column":34}},"34":{"start":{"line":35,"column":0},"end":{"line":35,"column":73}},"35":{"start":{"line":36,"column":0},"end":{"line":36,"column":38}},"36":{"start":{"line":37,"column":0},"end":{"line":37,"column":48}},"37":{"start":{"line":38,"column":0},"end":{"line":38,"column":49}},"38":{"start":{"line":39,"column":0},"end":{"line":39,"column":3}},"39":{"start":{"line":40,"column":0},"end":{"line":40,"column":32}},"42":{"start":{"line":43,"column":0},"end":{"line":43,"column":65}},"43":{"start":{"line":44,"column":0},"end":{"line":44,"column":59}},"44":{"start":{"line":45,"column":0},"end":{"line":45,"column":64}},"45":{"start":{"line":46,"column":0},"end":{"line":46,"column":78}},"46":{"start":{"line":47,"column":0},"end":{"line":47,"column":104}},"47":{"start":{"line":48,"column":0},"end":{"line":48,"column":76}},"50":{"start":{"line":51,"column":0},"end":{"line":51,"column":29}},"51":{"start":{"line":52,"column":0},"end":{"line":52,"column":62}},"52":{"start":{"line":53,"column":0},"end":{"line":53,"column":74}},"53":{"start":{"line":54,"column":0},"end":{"line":54,"column":50}},"54":{"start":{"line":55,"column":0},"end":{"line":55,"column":47}},"55":{"start":{"line":56,"column":0},"end":{"line":56,"column":71}},"56":{"start":{"line":57,"column":0},"end":{"line":57,"column":53}},"57":{"start":{"line":58,"column":0},"end":{"line":58,"column":64}},"58":{"start":{"line":59,"column":0},"end":{"line":59,"column":80}},"59":{"start":{"line":60,"column":0},"end":{"line":60,"column":83}},"61":{"start":{"line":62,"column":0},"end":{"line":62,"column":52}},"62":{"start":{"line":63,"column":0},"end":{"line":63,"column":58}},"64":{"start":{"line":65,"column":0},"end":{"line":65,"column":15}},"65":{"start":{"line":66,"column":0},"end":{"line":66,"column":1}}},"s":{"26":7,"27":7,"28":7,"29":7,"30":7,"31":7,"32":7,"33":7,"34":7,"35":7,"36":7,"37":7,"38":7,"39":7,"42":7,"43":7,"44":7,"45":7,"46":7,"47":7,"50":7,"51":7,"52":7,"53":7,"54":7,"55":7,"56":7,"57":7,"58":7,"59":7,"61":7,"62":7,"64":7,"65":7},"branchMap":{"0":{"type":"branch","line":27,"loc":{"start":{"line":27,"column":0},"end":{"line":66,"column":1}},"locations":[{"start":{"line":27,"column":0},"end":{"line":66,"column":1}}]}},"b":{"0":[7]},"fnMap":{"0":{"name":"createV1Router","decl":{"start":{"line":27,"column":0},"end":{"line":66,"column":1}},"loc":{"start":{"line":27,"column":0},"end":{"line":66,"column":1}},"line":27}},"f":{"0":7}}
,"C:\\Coding\\ESS\\OpsiMate\\apps\\server\\src\\api\\v1\\alerts\\controller.ts": {"path":"C:\\Coding\\ESS\\OpsiMate\\apps\\server\\src\\api\\v1\\alerts\\controller.ts","all":false,"statementMap":{"6":{"start":{"line":7,"column":0},"end":{"line":7,"column":55}},"8":{"start":{"line":9,"column":0},"end":{"line":9,"column":30}},"9":{"start":{"line":10,"column":0},"end":{"line":10,"column":41}},"11":{"start":{"line":12,"column":0},"end":{"line":12,"column":47}},"12":{"start":{"line":13,"column":0},"end":{"line":13,"column":7}},"13":{"start":{"line":14,"column":0},"end":{"line":14,"column":52}},"14":{"start":{"line":15,"column":0},"end":{"line":15,"column":56}},"15":{"start":{"line":16,"column":0},"end":{"line":16,"column":19}},"16":{"start":{"line":17,"column":0},"end":{"line":17,"column":48}},"17":{"start":{"line":18,"column":0},"end":{"line":18,"column":83}},"18":{"start":{"line":19,"column":0},"end":{"line":19,"column":3}},"19":{"start":{"line":20,"column":0},"end":{"line":20,"column":2}},"21":{"start":{"line":22,"column":0},"end":{"line":22,"column":50}},"22":{"start":{"line":23,"column":0},"end":{"line":23,"column":7}},"23":{"start":{"line":24,"column":0},"end":{"line":24,"column":29}},"24":{"start":{"line":25,"column":0},"end":{"line":25,"column":13}},"25":{"start":{"line":26,"column":0},"end":{"line":26,"column":83}},"26":{"start":{"line":27,"column":0},"end":{"line":27,"column":4}},"27":{"start":{"line":28,"column":0},"end":{"line":28,"column":53}},"28":{"start":{"line":29,"column":0},"end":{"line":29,"column":16}},"29":{"start":{"line":30,"column":0},"end":{"line":30,"column":78}},"30":{"start":{"line":31,"column":0},"end":{"line":31,"column":4}},"31":{"start":{"line":32,"column":0},"end":{"line":32,"column":55}},"32":{"start":{"line":33,"column":0},"end":{"line":33,"column":19}},"33":{"start":{"line":34,"column":0},"end":{"line":34,"column":50}},"34":{"start":{"line":35,"column":0},"end":{"line":35,"column":83}},"35":{"start":{"line":36,"column":0},"end":{"line":36,"column":3}},"36":{"start":{"line":37,"column":0},"end":{"line":37,"column":2}},"38":{"start":{"line":39,"column":0},"end":{"line":39,"column":52}},"39":{"start":{"line":40,"column":0},"end":{"line":40,"column":7}},"40":{"start":{"line":41,"column":0},"end":{"line":41,"column":29}},"41":{"start":{"line":42,"column":0},"end":{"line":42,"column":13}},"42":{"start":{"line":43,"column":0},"end":{"line":43,"column":83}},"43":{"start":{"line":44,"column":0},"end":{"line":44,"column":4}},"44":{"start":{"line":45,"column":0},"end":{"line":45,"column":55}},"45":{"start":{"line":46,"column":0},"end":{"line":46,"column":16}},"46":{"start":{"line":47,"column":0},"end":{"line":47,"column":78}},"47":{"start":{"line":48,"column":0},"end":{"line":48,"column":4}},"48":{"start":{"line":49,"column":0},"end":{"line":49,"column":55}},"49":{"start":{"line":50,"column":0},"end":{"line":50,"column":19}},"50":{"start":{"line":51,"column":0},"end":{"line":51,"column":52}},"51":{"start":{"line":52,"column":0},"end":{"line":52,"column":83}},"52":{"start":{"line":53,"column":0},"end":{"line":53,"column":3}},"53":{"start":{"line":54,"column":0},"end":{"line":54,"column":2}},"55":{"start":{"line":56,"column":0},"end":{"line":56,"column":58}},"56":{"start":{"line":57,"column":0},"end":{"line":57,"column":7}},"57":{"start":{"line":58,"column":0},"end":{"line":58,"column":47}},"58":{"start":{"line":59,"column":0},"end":{"line":59,"column":37}},"59":{"start":{"line":60,"column":0},"end":{"line":60,"column":19}},"60":{"start":{"line":61,"column":0},"end":{"line":61,"column":74}},"61":{"start":{"line":62,"column":0},"end":{"line":62,"column":4}},"63":{"start":{"line":64,"column":0},"end":{"line":64,"column":60}},"65":{"start":{"line":66,"column":0},"end":{"line":66,"column":51}},"66":{"start":{"line":67,"column":0},"end":{"line":67,"column":57}},"67":{"start":{"line":68,"column":0},"end":{"line":68,"column":11}},"68":{"start":{"line":69,"column":0},"end":{"line":69,"column":44}},"69":{"start":{"line":70,"column":0},"end":{"line":70,"column":30}},"70":{"start":{"line":71,"column":0},"end":{"line":71,"column":17}},"71":{"start":{"line":72,"column":0},"end":{"line":72,"column":28}},"72":{"start":{"line":73,"column":0},"end":{"line":73,"column":46}},"73":{"start":{"line":74,"column":0},"end":{"line":74,"column":59}},"74":{"start":{"line":75,"column":0},"end":{"line":75,"column":42}},"75":{"start":{"line":76,"column":0},"end":{"line":76,"column":42}},"76":{"start":{"line":77,"column":0},"end":{"line":77,"column":51}},"77":{"start":{"line":78,"column":0},"end":{"line":78,"column":44}},"78":{"start":{"line":79,"column":0},"end":{"line":79,"column":63}},"79":{"start":{"line":80,"column":0},"end":{"line":80,"column":7}},"80":{"start":{"line":81,"column":0},"end":{"line":81,"column":4}},"81":{"start":{"line":82,"column":0},"end":{"line":82,"column":91}},"82":{"start":{"line":83,"column":0},"end":{"line":83,"column":19}},"83":{"start":{"line":84,"column":0},"end":{"line":84,"column":52}},"84":{"start":{"line":85,"column":0},"end":{"line":85,"column":83}},"85":{"start":{"line":86,"column":0},"end":{"line":86,"column":3}},"86":{"start":{"line":87,"column":0},"end":{"line":87,"column":2}},"88":{"start":{"line":89,"column":0},"end":{"line":89,"column":55}},"89":{"start":{"line":90,"column":0},"end":{"line":90,"column":7}},"90":{"start":{"line":91,"column":0},"end":{"line":91,"column":56}},"92":{"start":{"line":93,"column":0},"end":{"line":93,"column":43}},"93":{"start":{"line":94,"column":0},"end":{"line":94,"column":17}},"94":{"start":{"line":95,"column":0},"end":{"line":95,"column":19}},"95":{"start":{"line":96,"column":0},"end":{"line":96,"column":25}},"96":{"start":{"line":97,"column":0},"end":{"line":97,"column":19}},"97":{"start":{"line":98,"column":0},"end":{"line":98,"column":30}},"98":{"start":{"line":99,"column":0},"end":{"line":99,"column":32}},"99":{"start":{"line":100,"column":0},"end":{"line":100,"column":30}},"100":{"start":{"line":101,"column":0},"end":{"line":101,"column":32}},"101":{"start":{"line":102,"column":0},"end":{"line":102,"column":27}},"102":{"start":{"line":103,"column":0},"end":{"line":103,"column":34}},"103":{"start":{"line":104,"column":0},"end":{"line":104,"column":6}},"104":{"start":{"line":105,"column":0},"end":{"line":105,"column":79}},"105":{"start":{"line":106,"column":0},"end":{"line":106,"column":19}},"106":{"start":{"line":107,"column":0},"end":{"line":107,"column":27}},"107":{"start":{"line":108,"column":0},"end":{"line":108,"column":102}},"108":{"start":{"line":109,"column":0},"end":{"line":109,"column":11}},"109":{"start":{"line":110,"column":0},"end":{"line":110,"column":55}},"110":{"start":{"line":111,"column":0},"end":{"line":111,"column":84}},"111":{"start":{"line":112,"column":0},"end":{"line":112,"column":4}},"112":{"start":{"line":113,"column":0},"end":{"line":113,"column":3}},"113":{"start":{"line":114,"column":0},"end":{"line":114,"column":2}},"115":{"start":{"line":116,"column":0},"end":{"line":116,"column":49}},"116":{"start":{"line":117,"column":0},"end":{"line":117,"column":7}},"117":{"start":{"line":118,"column":0},"end":{"line":118,"column":38}},"118":{"start":{"line":119,"column":0},"end":{"line":119,"column":28}},"119":{"start":{"line":120,"column":0},"end":{"line":120,"column":79}},"120":{"start":{"line":121,"column":0},"end":{"line":121,"column":4}},"121":{"start":{"line":122,"column":0},"end":{"line":122,"column":43}},"122":{"start":{"line":123,"column":0},"end":{"line":123,"column":77}},"123":{"start":{"line":124,"column":0},"end":{"line":124,"column":19}},"124":{"start":{"line":125,"column":0},"end":{"line":125,"column":48}},"125":{"start":{"line":126,"column":0},"end":{"line":126,"column":83}},"126":{"start":{"line":127,"column":0},"end":{"line":127,"column":3}},"127":{"start":{"line":128,"column":0},"end":{"line":128,"column":2}},"129":{"start":{"line":130,"column":0},"end":{"line":130,"column":59}},"131":{"start":{"line":132,"column":0},"end":{"line":132,"column":46}},"134":{"start":{"line":135,"column":0},"end":{"line":135,"column":34}},"135":{"start":{"line":136,"column":0},"end":{"line":136,"column":47}},"136":{"start":{"line":137,"column":0},"end":{"line":137,"column":3}},"139":{"start":{"line":140,"column":0},"end":{"line":140,"column":65}},"140":{"start":{"line":141,"column":0},"end":{"line":141,"column":55}},"141":{"start":{"line":142,"column":0},"end":{"line":142,"column":3}},"144":{"start":{"line":145,"column":0},"end":{"line":145,"column":30}},"145":{"start":{"line":146,"column":0},"end":{"line":146,"column":30}},"146":{"start":{"line":147,"column":0},"end":{"line":147,"column":28}},"147":{"start":{"line":148,"column":0},"end":{"line":148,"column":3}},"150":{"start":{"line":151,"column":0},"end":{"line":151,"column":34}},"151":{"start":{"line":152,"column":0},"end":{"line":152,"column":2}},"152":{"start":{"line":153,"column":0},"end":{"line":153,"column":1}}},"s":{"6":1,"8":1,"9":1,"11":1,"12":4,"13":4,"14":4,"15":4,"16":0,"17":0,"18":0,"19":4,"21":1,"22":4,"23":4,"24":4,"25":0,"26":0,"27":4,"28":4,"29":1,"30":1,"31":3,"32":4,"33":0,"34":0,"35":0,"36":4,"38":1,"39":4,"40":4,"41":4,"42":0,"43":0,"44":4,"45":4,"46":1,"47":1,"48":3,"49":4,"50":0,"51":0,"52":0,"53":4,"55":1,"56":5,"57":5,"58":5,"59":5,"60":1,"61":1,"63":4,"65":5,"66":1,"67":5,"68":3,"69":3,"70":3,"71":3,"72":3,"73":3,"74":3,"75":3,"76":3,"77":3,"78":3,"79":3,"80":3,"81":4,"82":5,"83":0,"84":0,"85":0,"86":5,"88":1,"89":4,"90":4,"92":4,"93":4,"94":4,"95":4,"96":4,"97":4,"98":4,"99":4,"100":4,"101":4,"102":4,"103":4,"104":2,"105":2,"106":2,"107":2,"108":2,"109":0,"110":0,"111":0,"112":2,"113":4,"115":1,"116":0,"117":0,"118":0,"119":0,"120":0,"121":0,"122":0,"123":0,"124":0,"125":0,"126":0,"127":0,"129":1,"131":3,"134":3,"135":1,"136":1,"139":3,"140":0,"141":0,"144":2,"145":2,"146":2,"147":2,"150":0,"151":3,"152":1},"branchMap":{"0":{"type":"branch","line":10,"loc":{"start":{"line":10,"column":1},"end":{"line":10,"column":41}},"locations":[{"start":{"line":10,"column":1},"end":{"line":10,"column":41}}]},"1":{"type":"branch","line":12,"loc":{"start":{"line":12,"column":1},"end":{"line":20,"column":2}},"locations":[{"start":{"line":12,"column":1},"end":{"line":20,"column":2}}]},"2":{"type":"branch","line":16,"loc":{"start":{"line":16,"column":2},"end":{"line":19,"column":3}},"locations":[{"start":{"line":16,"column":2},"end":{"line":19,"column":3}}]},"3":{"type":"branch","line":22,"loc":{"start":{"line":22,"column":1},"end":{"line":37,"column":2}},"locations":[{"start":{"line":22,"column":1},"end":{"line":37,"column":2}}]},"4":{"type":"branch","line":25,"loc":{"start":{"line":25,"column":12},"end":{"line":27,"column":4}},"locations":[{"start":{"line":25,"column":12},"end":{"line":27,"column":4}}]},"5":{"type":"branch","line":29,"loc":{"start":{"line":29,"column":15},"end":{"line":31,"column":4}},"locations":[{"start":{"line":29,"column":15},"end":{"line":31,"column":4}}]},"6":{"type":"branch","line":31,"loc":{"start":{"line":31,"column":3},"end":{"line":33,"column":11}},"locations":[{"start":{"line":31,"column":3},"end":{"line":33,"column":11}}]},"7":{"type":"branch","line":33,"loc":{"start":{"line":33,"column":2},"end":{"line":36,"column":3}},"locations":[{"start":{"line":33,"column":2},"end":{"line":36,"column":3}}]},"8":{"type":"branch","line":39,"loc":{"start":{"line":39,"column":1},"end":{"line":54,"column":2}},"locations":[{"start":{"line":39,"column":1},"end":{"line":54,"column":2}}]},"9":{"type":"branch","line":42,"loc":{"start":{"line":42,"column":12},"end":{"line":44,"column":4}},"locations":[{"start":{"line":42,"column":12},"end":{"line":44,"column":4}}]},"10":{"type":"branch","line":46,"loc":{"start":{"line":46,"column":15},"end":{"line":48,"column":4}},"locations":[{"start":{"line":46,"column":15},"end":{"line":48,"column":4}}]},"11":{"type":"branch","line":48,"loc":{"start":{"line":48,"column":3},"end":{"line":50,"column":11}},"locations":[{"start":{"line":48,"column":3},"end":{"line":50,"column":11}}]},"12":{"type":"branch","line":50,"loc":{"start":{"line":50,"column":2},"end":{"line":53,"column":3}},"locations":[{"start":{"line":50,"column":2},"end":{"line":53,"column":3}}]},"13":{"type":"branch","line":56,"loc":{"start":{"line":56,"column":1},"end":{"line":87,"column":2}},"locations":[{"start":{"line":56,"column":1},"end":{"line":87,"column":2}}]},"14":{"type":"branch","line":60,"loc":{"start":{"line":60,"column":18},"end":{"line":62,"column":4}},"locations":[{"start":{"line":60,"column":18},"end":{"line":62,"column":4}}]},"15":{"type":"branch","line":62,"loc":{"start":{"line":62,"column":3},"end":{"line":66,"column":50}},"locations":[{"start":{"line":62,"column":3},"end":{"line":66,"column":50}}]},"16":{"type":"branch","line":66,"loc":{"start":{"line":66,"column":50},"end":{"line":68,"column":10}},"locations":[{"start":{"line":66,"column":50},"end":{"line":68,"column":10}}]},"17":{"type":"branch","line":68,"loc":{"start":{"line":68,"column":3},"end":{"line":81,"column":4}},"locations":[{"start":{"line":68,"column":3},"end":{"line":81,"column":4}}]},"18":{"type":"branch","line":73,"loc":{"start":{"line":73,"column":19},"end":{"line":73,"column":46}},"locations":[{"start":{"line":73,"column":19},"end":{"line":73,"column":46}}]},"19":{"type":"branch","line":76,"loc":{"start":{"line":76,"column":25},"end":{"line":76,"column":42}},"locations":[{"start":{"line":76,"column":25},"end":{"line":76,"column":42}}]},"20":{"type":"branch","line":77,"loc":{"start":{"line":77,"column":26},"end":{"line":77,"column":51}},"locations":[{"start":{"line":77,"column":26},"end":{"line":77,"column":51}}]},"21":{"type":"branch","line":78,"loc":{"start":{"line":78,"column":23},"end":{"line":78,"column":44}},"locations":[{"start":{"line":78,"column":23},"end":{"line":78,"column":44}}]},"22":{"type":"branch","line":79,"loc":{"start":{"line":79,"column":42},"end":{"line":79,"column":63}},"locations":[{"start":{"line":79,"column":42},"end":{"line":79,"column":63}}]},"23":{"type":"branch","line":81,"loc":{"start":{"line":81,"column":3},"end":{"line":83,"column":11}},"locations":[{"start":{"line":81,"column":3},"end":{"line":83,"column":11}}]},"24":{"type":"branch","line":83,"loc":{"start":{"line":83,"column":2},"end":{"line":86,"column":3}},"locations":[{"start":{"line":83,"column":2},"end":{"line":86,"column":3}}]},"25":{"type":"branch","line":89,"loc":{"start":{"line":89,"column":1},"end":{"line":114,"column":2}},"locations":[{"start":{"line":89,"column":1},"end":{"line":114,"column":2}}]},"26":{"type":"branch","line":104,"loc":{"start":{"line":104,"column":4},"end":{"line":113,"column":3}},"locations":[{"start":{"line":104,"column":4},"end":{"line":113,"column":3}}]},"27":{"type":"branch","line":109,"loc":{"start":{"line":109,"column":3},"end":{"line":112,"column":4}},"locations":[{"start":{"line":109,"column":3},"end":{"line":112,"column":4}}]},"28":{"type":"branch","line":130,"loc":{"start":{"line":130,"column":9},"end":{"line":152,"column":2}},"locations":[{"start":{"line":130,"column":9},"end":{"line":152,"column":2}}]},"29":{"type":"branch","line":132,"loc":{"start":{"line":132,"column":14},"end":{"line":132,"column":46}},"locations":[{"start":{"line":132,"column":14},"end":{"line":132,"column":46}}]},"30":{"type":"branch","line":135,"loc":{"start":{"line":135,"column":33},"end":{"line":137,"column":3}},"locations":[{"start":{"line":135,"column":33},"end":{"line":137,"column":3}}]},"31":{"type":"branch","line":137,"loc":{"start":{"line":137,"column":2},"end":{"line":140,"column":64}},"locations":[{"start":{"line":137,"column":2},"end":{"line":140,"column":64}}]},"32":{"type":"branch","line":140,"loc":{"start":{"line":140,"column":64},"end":{"line":142,"column":3}},"locations":[{"start":{"line":140,"column":64},"end":{"line":142,"column":3}}]},"33":{"type":"branch","line":142,"loc":{"start":{"line":142,"column":2},"end":{"line":148,"column":3}},"locations":[{"start":{"line":142,"column":2},"end":{"line":148,"column":3}}]},"34":{"type":"branch","line":148,"loc":{"start":{"line":148,"column":2},"end":{"line":151,"column":34}},"locations":[{"start":{"line":148,"column":2},"end":{"line":151,"column":34}}]}},"b":{"0":[7],"1":[4],"2":[0],"3":[4],"4":[0],"5":[1],"6":[3],"7":[0],"8":[4],"9":[0],"10":[1],"11":[3],"12":[0],"13":[5],"14":[1],"15":[4],"16":[1],"17":[3],"18":[0],"19":[0],"20":[0],"21":[0],"22":[0],"23":[4],"24":[0],"25":[4],"26":[2],"27":[0],"28":[3],"29":[0],"30":[1],"31":[2],"32":[0],"33":[2],"34":[0]},"fnMap":{"0":{"name":"AlertController","decl":{"start":{"line":10,"column":1},"end":{"line":10,"column":41}},"loc":{"start":{"line":10,"column":1},"end":{"line":10,"column":41}},"line":10},"1":{"name":"getAlerts","decl":{"start":{"line":12,"column":1},"end":{"line":20,"column":2}},"loc":{"start":{"line":12,"column":1},"end":{"line":20,"column":2}},"line":12},"2":{"name":"dismissAlert","decl":{"start":{"line":22,"column":1},"end":{"line":37,"column":2}},"loc":{"start":{"line":22,"column":1},"end":{"line":37,"column":2}},"line":22},"3":{"name":"undismissAlert","decl":{"start":{"line":39,"column":1},"end":{"line":54,"column":2}},"loc":{"start":{"line":39,"column":1},"end":{"line":54,"column":2}},"line":39},"4":{"name":"createCustomGCPAlert","decl":{"start":{"line":56,"column":1},"end":{"line":87,"column":2}},"loc":{"start":{"line":56,"column":1},"end":{"line":87,"column":2}},"line":56},"5":{"name":"createCustomAlert","decl":{"start":{"line":89,"column":1},"end":{"line":114,"column":2}},"loc":{"start":{"line":89,"column":1},"end":{"line":114,"column":2}},"line":89},"6":{"name":"deleteAlert","decl":{"start":{"line":116,"column":1},"end":{"line":128,"column":2}},"loc":{"start":{"line":116,"column":1},"end":{"line":128,"column":2}},"line":116},"7":{"name":"normalizeGCPDate","decl":{"start":{"line":130,"column":9},"end":{"line":152,"column":2}},"loc":{"start":{"line":130,"column":9},"end":{"line":152,"column":2}},"line":130}},"f":{"0":7,"1":4,"2":4,"3":4,"4":5,"5":4,"6":0,"7":3}}
,"C:\\Coding\\ESS\\OpsiMate\\apps\\server\\src\\api\\v1\\alerts\\models.ts": {"path":"C:\\Coding\\ESS\\OpsiMate\\apps\\server\\src\\api\\v1\\alerts\\models.ts","all":false,"statementMap":{"22":{"start":{"line":23,"column":0},"end":{"line":23,"column":40}},"23":{"start":{"line":24,"column":0},"end":{"line":24,"column":9}},"24":{"start":{"line":25,"column":0},"end":{"line":25,"column":38}},"25":{"start":{"line":26,"column":0},"end":{"line":26,"column":3}},"26":{"start":{"line":27,"column":0},"end":{"line":27,"column":2}},"27":{"start":{"line":28,"column":0},"end":{"line":28,"column":58}},"28":{"start":{"line":29,"column":0},"end":{"line":29,"column":2}},"29":{"start":{"line":30,"column":0},"end":{"line":30,"column":2}},"31":{"start":{"line":32,"column":0},"end":{"line":32,"column":48}},"32":{"start":{"line":33,"column":0},"end":{"line":33,"column":16}},"33":{"start":{"line":34,"column":0},"end":{"line":34,"column":20}},"34":{"start":{"line":35,"column":0},"end":{"line":35,"column":17}},"35":{"start":{"line":36,"column":0},"end":{"line":36,"column":25}},"36":{"start":{"line":37,"column":0},"end":{"line":37,"column":26}},"37":{"start":{"line":38,"column":0},"end":{"line":38,"column":28}},"38":{"start":{"line":39,"column":0},"end":{"line":39,"column":23}},"39":{"start":{"line":40,"column":0},"end":{"line":40,"column":32}},"40":{"start":{"line":41,"column":0},"end":{"line":41,"column":41}},"41":{"start":{"line":42,"column":0},"end":{"line":42,"column":26}},"42":{"start":{"line":43,"column":0},"end":{"line":43,"column":3}}},"s":{"22":1,"23":1,"24":9,"25":9,"26":1,"27":1,"28":1,"29":1,"31":1,"32":1,"33":1,"34":1,"35":1,"36":1,"37":1,"38":1,"39":1,"40":1,"41":1,"42":1},"branchMap":{"0":{"type":"branch","line":24,"loc":{"start":{"line":24,"column":1},"end":{"line":26,"column":3}},"locations":[{"start":{"line":24,"column":1},"end":{"line":26,"column":3}}]}},"b":{"0":[9]},"fnMap":{"0":{"name":"__vite_ssr_import_0__.z.string.refine.message","decl":{"start":{"line":24,"column":1},"end":{"line":26,"column":3}},"loc":{"start":{"line":24,"column":1},"end":{"line":26,"column":3}},"line":24}},"f":{"0":9}}
,"C:\\Coding\\ESS\\OpsiMate\\apps\\server\\src\\api\\v1\\alerts\\router.ts": {"path":"C:\\Coding\\ESS\\OpsiMate\\apps\\server\\src\\api\\v1\\alerts\\router.ts","all":false,"statementMap":{"4":{"start":{"line":5,"column":0},"end":{"line":5,"column":72}},"5":{"start":{"line":6,"column":0},"end":{"line":6,"column":32}},"8":{"start":{"line":9,"column":0},"end":{"line":9,"column":56}},"9":{"start":{"line":10,"column":0},"end":{"line":10,"column":69}},"12":{"start":{"line":13,"column":0},"end":{"line":13,"column":72}},"13":{"start":{"line":14,"column":0},"end":{"line":14,"column":76}},"16":{"start":{"line":17,"column":0},"end":{"line":17,"column":78}},"17":{"start":{"line":18,"column":0},"end":{"line":18,"column":71}},"19":{"start":{"line":20,"column":0},"end":{"line":20,"column":15}},"20":{"start":{"line":21,"column":0},"end":{"line":21,"column":1}}},"s":{"4":7,"5":7,"8":7,"9":7,"12":7,"13":7,"16":7,"17":7,"19":7,"20":7},"branchMap":{"0":{"type":"branch","line":5,"loc":{"start":{"line":5,"column":0},"end":{"line":21,"column":1}},"locations":[{"start":{"line":5,"column":0},"end":{"line":21,"column":1}}]}},"b":{"0":[7]},"fnMap":{"0":{"name":"createAlertRouter","decl":{"start":{"line":5,"column":0},"end":{"line":21,"column":1}},"loc":{"start":{"line":5,"column":0},"end":{"line":21,"column":1}},"line":5}},"f":{"0":7}}
,"C:\\Coding\\ESS\\OpsiMate\\apps\\server\\src\\api\\v1\\audit\\controller.ts": {"path":"C:\\Coding\\ESS\\OpsiMate\\apps\\server\\src\\api\\v1\\audit\\controller.ts","all":false,"statementMap":{"4":{"start":{"line":5,"column":0},"end":{"line":5,"column":53}},"6":{"start":{"line":7,"column":0},"end":{"line":7,"column":30}},"7":{"start":{"line":8,"column":0},"end":{"line":8,"column":41}},"9":{"start":{"line":10,"column":0},"end":{"line":10,"column":65}},"10":{"start":{"line":11,"column":0},"end":{"line":11,"column":55}},"11":{"start":{"line":12,"column":0},"end":{"line":12,"column":64}},"12":{"start":{"line":13,"column":0},"end":{"line":13,"column":7}},"13":{"start":{"line":14,"column":0},"end":{"line":14,"column":75}},"15":{"start":{"line":16,"column":0},"end":{"line":16,"column":27}},"16":{"start":{"line":17,"column":0},"end":{"line":17,"column":19}},"17":{"start":{"line":18,"column":0},"end":{"line":18,"column":53}},"18":{"start":{"line":19,"column":0},"end":{"line":19,"column":72}},"19":{"start":{"line":20,"column":0},"end":{"line":20,"column":3}},"20":{"start":{"line":21,"column":0},"end":{"line":21,"column":3}},"21":{"start":{"line":22,"column":0},"end":{"line":22,"column":1}}},"s":{"4":1,"6":1,"7":7,"9":7,"10":4,"11":4,"12":4,"13":4,"15":4,"16":4,"17":0,"18":0,"19":0,"20":4,"21":7},"branchMap":{"0":{"type":"branch","line":7,"loc":{"start":{"line":7,"column":29},"end":{"line":22,"column":1}},"locations":[{"start":{"line":7,"column":29},"end":{"line":22,"column":1}}]},"1":{"type":"branch","line":8,"loc":{"start":{"line":8,"column":1},"end":{"line":8,"column":41}},"locations":[{"start":{"line":8,"column":1},"end":{"line":8,"column":41}}]},"2":{"type":"branch","line":10,"loc":{"start":{"line":10,"column":25},"end":{"line":21,"column":3}},"locations":[{"start":{"line":10,"column":25},"end":{"line":21,"column":3}}]},"3":{"type":"branch","line":11,"loc":{"start":{"line":11,"column":48},"end":{"line":11,"column":55}},"locations":[{"start":{"line":11,"column":48},"end":{"line":11,"column":55}}]},"4":{"type":"branch","line":12,"loc":{"start":{"line":12,"column":56},"end":{"line":12,"column":64}},"locations":[{"start":{"line":12,"column":56},"end":{"line":12,"column":64}}]},"5":{"type":"branch","line":17,"loc":{"start":{"line":17,"column":2},"end":{"line":20,"column":3}},"locations":[{"start":{"line":17,"column":2},"end":{"line":20,"column":3}}]}},"b":{"0":[7],"1":[7],"2":[4],"3":[2],"4":[2],"5":[0]},"fnMap":{"0":{"name":"<instance_members_initializer>","decl":{"start":{"line":7,"column":29},"end":{"line":22,"column":1}},"loc":{"start":{"line":7,"column":29},"end":{"line":22,"column":1}},"line":7},"1":{"name":"AuditController","decl":{"start":{"line":8,"column":1},"end":{"line":8,"column":41}},"loc":{"start":{"line":8,"column":1},"end":{"line":8,"column":41}},"line":8},"2":{"name":"getAuditLogsPaginated","decl":{"start":{"line":10,"column":25},"end":{"line":21,"column":3}},"loc":{"start":{"line":10,"column":25},"end":{"line":21,"column":3}},"line":10}},"f":{"0":7,"1":7,"2":4}}
,"C:\\Coding\\ESS\\OpsiMate\\apps\\server\\src\\api\\v1\\audit\\router.ts": {"path":"C:\\Coding\\ESS\\OpsiMate\\apps\\server\\src\\api\\v1\\audit\\router.ts","all":false,"statementMap":{"5":{"start":{"line":6,"column":0},"end":{"line":6,"column":85}},"6":{"start":{"line":7,"column":0},"end":{"line":7,"column":32}},"7":{"start":{"line":8,"column":0},"end":{"line":8,"column":56}},"8":{"start":{"line":9,"column":0},"end":{"line":9,"column":15}},"9":{"start":{"line":10,"column":0},"end":{"line":10,"column":1}}},"s":{"5":7,"6":7,"7":7,"8":7,"9":7},"branchMap":{"0":{"type":"branch","line":6,"loc":{"start":{"line":6,"column":0},"end":{"line":10,"column":1}},"locations":[{"start":{"line":6,"column":0},"end":{"line":10,"column":1}}]}},"b":{"0":[7]},"fnMap":{"0":{"name":"createAuditRouter","decl":{"start":{"line":6,"column":0},"end":{"line":10,"column":1}},"loc":{"start":{"line":6,"column":0},"end":{"line":10,"column":1}},"line":6}},"f":{"0":7}}
,"C:\\Coding\\ESS\\OpsiMate\\apps\\server\\src\\api\\v1\\custom-actions\\controller.ts": {"path":"C:\\Coding\\ESS\\OpsiMate\\apps\\server\\src\\api\\v1\\custom-actions\\controller.ts","all":false,"statementMap":{"7":{"start":{"line":8,"column":0},"end":{"line":8,"column":56}},"10":{"start":{"line":11,"column":0},"end":{"line":11,"column":35}},"11":{"start":{"line":12,"column":0},"end":{"line":12,"column":45}},"12":{"start":{"line":13,"column":0},"end":{"line":13,"column":59}},"13":{"start":{"line":14,"column":0},"end":{"line":14,"column":25}},"14":{"start":{"line":15,"column":0},"end":{"line":15,"column":52}},"15":{"start":{"line":16,"column":0},"end":{"line":16,"column":31}},"16":{"start":{"line":17,"column":0},"end":{"line":17,"column":27}},"17":{"start":{"line":18,"column":0},"end":{"line":18,"column":3}},"20":{"start":{"line":21,"column":0},"end":{"line":21,"column":35}},"21":{"start":{"line":22,"column":0},"end":{"line":22,"column":45}},"22":{"start":{"line":23,"column":0},"end":{"line":23,"column":59}},"23":{"start":{"line":24,"column":0},"end":{"line":24,"column":25}},"24":{"start":{"line":25,"column":0},"end":{"line":25,"column":52}},"25":{"start":{"line":26,"column":0},"end":{"line":26,"column":43}},"26":{"start":{"line":27,"column":0},"end":{"line":27,"column":59}},"27":{"start":{"line":28,"column":0},"end":{"line":28,"column":53}},"28":{"start":{"line":29,"column":0},"end":{"line":29,"column":40}},"29":{"start":{"line":30,"column":0},"end":{"line":30,"column":27}},"30":{"start":{"line":31,"column":0},"end":{"line":31,"column":3}},"33":{"start":{"line":34,"column":0},"end":{"line":34,"column":94}},"35":{"start":{"line":36,"column":0},"end":{"line":36,"column":38}},"36":{"start":{"line":37,"column":0},"end":{"line":37,"column":43}},"38":{"start":{"line":39,"column":0},"end":{"line":39,"column":50}},"39":{"start":{"line":40,"column":0},"end":{"line":40,"column":7}},"40":{"start":{"line":41,"column":0},"end":{"line":41,"column":60}},"42":{"start":{"line":43,"column":0},"end":{"line":43,"column":53}},"43":{"start":{"line":44,"column":0},"end":{"line":44,"column":88}},"44":{"start":{"line":45,"column":0},"end":{"line":45,"column":47}},"45":{"start":{"line":46,"column":0},"end":{"line":46,"column":64}},"46":{"start":{"line":47,"column":0},"end":{"line":47,"column":19}},"47":{"start":{"line":48,"column":0},"end":{"line":48,"column":27}},"48":{"start":{"line":49,"column":0},"end":{"line":49,"column":102}},"49":{"start":{"line":50,"column":0},"end":{"line":50,"column":11}},"50":{"start":{"line":51,"column":0},"end":{"line":51,"column":57}},"51":{"start":{"line":52,"column":0},"end":{"line":52,"column":84}},"52":{"start":{"line":53,"column":0},"end":{"line":53,"column":4}},"53":{"start":{"line":54,"column":0},"end":{"line":54,"column":3}},"54":{"start":{"line":55,"column":0},"end":{"line":55,"column":3}},"56":{"start":{"line":57,"column":0},"end":{"line":57,"column":46}},"57":{"start":{"line":58,"column":0},"end":{"line":58,"column":36}},"58":{"start":{"line":59,"column":0},"end":{"line":59,"column":74}},"59":{"start":{"line":60,"column":0},"end":{"line":60,"column":3}},"61":{"start":{"line":62,"column":0},"end":{"line":62,"column":51}},"62":{"start":{"line":63,"column":0},"end":{"line":63,"column":41}},"63":{"start":{"line":64,"column":0},"end":{"line":64,"column":41}},"64":{"start":{"line":65,"column":0},"end":{"line":65,"column":81}},"65":{"start":{"line":66,"column":0},"end":{"line":66,"column":55}},"66":{"start":{"line":67,"column":0},"end":{"line":67,"column":3}},"68":{"start":{"line":69,"column":0},"end":{"line":69,"column":50}},"69":{"start":{"line":70,"column":0},"end":{"line":70,"column":7}},"70":{"start":{"line":71,"column":0},"end":{"line":71,"column":42}},"71":{"start":{"line":72,"column":0},"end":{"line":72,"column":60}},"73":{"start":{"line":74,"column":0},"end":{"line":74,"column":53}},"74":{"start":{"line":75,"column":0},"end":{"line":75,"column":88}},"75":{"start":{"line":76,"column":0},"end":{"line":76,"column":40}},"76":{"start":{"line":77,"column":0},"end":{"line":77,"column":50}},"77":{"start":{"line":78,"column":0},"end":{"line":78,"column":19}},"78":{"start":{"line":79,"column":0},"end":{"line":79,"column":27}},"79":{"start":{"line":80,"column":0},"end":{"line":80,"column":102}},"80":{"start":{"line":81,"column":0},"end":{"line":81,"column":11}},"81":{"start":{"line":82,"column":0},"end":{"line":82,"column":57}},"82":{"start":{"line":83,"column":0},"end":{"line":83,"column":84}},"83":{"start":{"line":84,"column":0},"end":{"line":84,"column":4}},"84":{"start":{"line":85,"column":0},"end":{"line":85,"column":3}},"85":{"start":{"line":86,"column":0},"end":{"line":86,"column":3}},"87":{"start":{"line":88,"column":0},"end":{"line":88,"column":50}},"88":{"start":{"line":89,"column":0},"end":{"line":89,"column":41}},"89":{"start":{"line":90,"column":0},"end":{"line":90,"column":27}},"90":{"start":{"line":91,"column":0},"end":{"line":91,"column":49}},"91":{"start":{"line":92,"column":0},"end":{"line":92,"column":3}},"93":{"start":{"line":94,"column":0},"end":{"line":94,"column":58}},"94":{"start":{"line":95,"column":0},"end":{"line":95,"column":7}},"95":{"start":{"line":96,"column":0},"end":{"line":96,"column":52}},"96":{"start":{"line":97,"column":0},"end":{"line":97,"column":48}},"97":{"start":{"line":98,"column":0},"end":{"line":98,"column":54}},"98":{"start":{"line":99,"column":0},"end":{"line":99,"column":50}},"99":{"start":{"line":100,"column":0},"end":{"line":100,"column":19}},"100":{"start":{"line":101,"column":0},"end":{"line":101,"column":32}},"101":{"start":{"line":102,"column":0},"end":{"line":102,"column":47}},"102":{"start":{"line":103,"column":0},"end":{"line":103,"column":80}},"103":{"start":{"line":104,"column":0},"end":{"line":104,"column":5}},"104":{"start":{"line":105,"column":0},"end":{"line":105,"column":92}},"105":{"start":{"line":106,"column":0},"end":{"line":106,"column":82}},"106":{"start":{"line":107,"column":0},"end":{"line":107,"column":5}},"107":{"start":{"line":108,"column":0},"end":{"line":108,"column":4}},"108":{"start":{"line":109,"column":0},"end":{"line":109,"column":68}},"109":{"start":{"line":110,"column":0},"end":{"line":110,"column":83}},"110":{"start":{"line":111,"column":0},"end":{"line":111,"column":3}},"111":{"start":{"line":112,"column":0},"end":{"line":112,"column":3}},"113":{"start":{"line":114,"column":0},"end":{"line":114,"column":57}},"114":{"start":{"line":115,"column":0},"end":{"line":115,"column":7}},"115":{"start":{"line":116,"column":0},"end":{"line":116,"column":50}},"116":{"start":{"line":117,"column":0},"end":{"line":117,"column":48}},"117":{"start":{"line":118,"column":0},"end":{"line":118,"column":52}},"118":{"start":{"line":119,"column":0},"end":{"line":119,"column":50}},"119":{"start":{"line":120,"column":0},"end":{"line":120,"column":19}},"120":{"start":{"line":121,"column":0},"end":{"line":121,"column":32}},"121":{"start":{"line":122,"column":0},"end":{"line":122,"column":88}},"122":{"start":{"line":123,"column":0},"end":{"line":123,"column":75}},"123":{"start":{"line":124,"column":0},"end":{"line":124,"column":5}},"124":{"start":{"line":125,"column":0},"end":{"line":125,"column":92}},"125":{"start":{"line":126,"column":0},"end":{"line":126,"column":82}},"126":{"start":{"line":127,"column":0},"end":{"line":127,"column":5}},"127":{"start":{"line":128,"column":0},"end":{"line":128,"column":4}},"128":{"start":{"line":129,"column":0},"end":{"line":129,"column":67}},"129":{"start":{"line":130,"column":0},"end":{"line":130,"column":83}},"130":{"start":{"line":131,"column":0},"end":{"line":131,"column":3}},"131":{"start":{"line":132,"column":0},"end":{"line":132,"column":3}},"132":{"start":{"line":133,"column":0},"end":{"line":133,"column":1}}},"s":{"7":1,"10":1,"11":1,"12":1,"13":1,"14":1,"15":1,"16":1,"17":1,"20":1,"21":1,"22":1,"23":1,"24":1,"25":1,"26":1,"27":1,"28":1,"29":1,"30":1,"33":1,"35":1,"36":7,"38":7,"39":10,"40":10,"42":10,"43":10,"44":10,"45":10,"46":10,"47":0,"48":0,"49":0,"50":0,"51":0,"52":0,"53":0,"54":10,"56":7,"57":1,"58":1,"59":1,"61":7,"62":7,"63":7,"64":7,"65":5,"66":7,"68":7,"69":2,"70":2,"71":2,"73":2,"74":2,"75":2,"76":1,"77":1,"78":1,"79":1,"80":1,"81":0,"82":0,"83":0,"84":1,"85":2,"87":7,"88":1,"89":1,"90":1,"91":1,"93":7,"94":1,"95":1,"96":1,"97":1,"98":1,"99":1,"100":0,"101":0,"102":0,"103":0,"104":0,"105":0,"106":0,"107":0,"108":0,"109":0,"110":0,"111":1,"113":7,"114":1,"115":1,"116":1,"117":1,"118":1,"119":1,"120":0,"121":0,"122":0,"123":0,"124":0,"125":0,"126":0,"127":0,"128":0,"129":0,"130":0,"131":1,"132":7},"branchMap":{"0":{"type":"branch","line":36,"loc":{"start":{"line":36,"column":37},"end":{"line":133,"column":1}},"locations":[{"start":{"line":36,"column":37},"end":{"line":133,"column":1}}]},"1":{"type":"branch","line":37,"loc":{"start":{"line":37,"column":1},"end":{"line":37,"column":43}},"locations":[{"start":{"line":37,"column":1},"end":{"line":37,"column":43}}]},"2":{"type":"branch","line":39,"loc":{"start":{"line":39,"column":10},"end":{"line":55,"column":3}},"locations":[{"start":{"line":39,"column":10},"end":{"line":55,"column":3}}]},"3":{"type":"branch","line":47,"loc":{"start":{"line":47,"column":2},"end":{"line":54,"column":3}},"locations":[{"start":{"line":47,"column":2},"end":{"line":54,"column":3}}]},"4":{"type":"branch","line":57,"loc":{"start":{"line":57,"column":8},"end":{"line":60,"column":3}},"locations":[{"start":{"line":57,"column":8},"end":{"line":60,"column":3}}]},"5":{"type":"branch","line":62,"loc":{"start":{"line":62,"column":11},"end":{"line":67,"column":3}},"locations":[{"start":{"line":62,"column":11},"end":{"line":67,"column":3}}]},"6":{"type":"branch","line":65,"loc":{"start":{"line":65,"column":13},"end":{"line":65,"column":81}},"locations":[{"start":{"line":65,"column":13},"end":{"line":65,"column":81}}]},"7":{"type":"branch","line":65,"loc":{"start":{"line":65,"column":79},"end":{"line":66,"column":55}},"locations":[{"start":{"line":65,"column":79},"end":{"line":66,"column":55}}]},"8":{"type":"branch","line":69,"loc":{"start":{"line":69,"column":10},"end":{"line":86,"column":3}},"locations":[{"start":{"line":69,"column":10},"end":{"line":86,"column":3}}]},"9":{"type":"branch","line":76,"loc":{"start":{"line":76,"column":38},"end":{"line":85,"column":3}},"locations":[{"start":{"line":76,"column":38},"end":{"line":85,"column":3}}]},"10":{"type":"branch","line":81,"loc":{"start":{"line":81,"column":3},"end":{"line":84,"column":4}},"locations":[{"start":{"line":81,"column":3},"end":{"line":84,"column":4}}]},"11":{"type":"branch","line":88,"loc":{"start":{"line":88,"column":10},"end":{"line":92,"column":3}},"locations":[{"start":{"line":88,"column":10},"end":{"line":92,"column":3}}]},"12":{"type":"branch","line":94,"loc":{"start":{"line":94,"column":18},"end":{"line":112,"column":3}},"locations":[{"start":{"line":94,"column":18},"end":{"line":112,"column":3}}]},"13":{"type":"branch","line":100,"loc":{"start":{"line":100,"column":2},"end":{"line":111,"column":3}},"locations":[{"start":{"line":100,"column":2},"end":{"line":111,"column":3}}]},"14":{"type":"branch","line":114,"loc":{"start":{"line":114,"column":17},"end":{"line":132,"column":3}},"locations":[{"start":{"line":114,"column":17},"end":{"line":132,"column":3}}]},"15":{"type":"branch","line":120,"loc":{"start":{"line":120,"column":2},"end":{"line":131,"column":3}},"locations":[{"start":{"line":120,"column":2},"end":{"line":131,"column":3}}]}},"b":{"0":[7],"1":[7],"2":[10],"3":[0],"4":[1],"5":[7],"6":[2],"7":[5],"8":[2],"9":[1],"10":[0],"11":[1],"12":[1],"13":[0],"14":[1],"15":[0]},"fnMap":{"0":{"name":"<instance_members_initializer>","decl":{"start":{"line":36,"column":37},"end":{"line":133,"column":1}},"loc":{"start":{"line":36,"column":37},"end":{"line":133,"column":1}},"line":36},"1":{"name":"CustomActionsController","decl":{"start":{"line":37,"column":1},"end":{"line":37,"column":43}},"loc":{"start":{"line":37,"column":1},"end":{"line":37,"column":43}},"line":37},"2":{"name":"create","decl":{"start":{"line":39,"column":10},"end":{"line":55,"column":3}},"loc":{"start":{"line":39,"column":10},"end":{"line":55,"column":3}},"line":39},"3":{"name":"list","decl":{"start":{"line":57,"column":8},"end":{"line":60,"column":3}},"loc":{"start":{"line":57,"column":8},"end":{"line":60,"column":3}},"line":57},"4":{"name":"getById","decl":{"start":{"line":62,"column":11},"end":{"line":67,"column":3}},"loc":{"start":{"line":62,"column":11},"end":{"line":67,"column":3}},"line":62},"5":{"name":"update","decl":{"start":{"line":69,"column":10},"end":{"line":86,"column":3}},"loc":{"start":{"line":69,"column":10},"end":{"line":86,"column":3}},"line":69},"6":{"name":"delete","decl":{"start":{"line":88,"column":10},"end":{"line":92,"column":3}},"loc":{"start":{"line":88,"column":10},"end":{"line":92,"column":3}},"line":88},"7":{"name":"runForProvider","decl":{"start":{"line":94,"column":18},"end":{"line":112,"column":3}},"loc":{"start":{"line":94,"column":18},"end":{"line":112,"column":3}},"line":94},"8":{"name":"runForService","decl":{"start":{"line":114,"column":17},"end":{"line":132,"column":3}},"loc":{"start":{"line":114,"column":17},"end":{"line":132,"column":3}},"line":114}},"f":{"0":7,"1":7,"2":10,"3":1,"4":7,"5":2,"6":1,"7":1,"8":1}}
,"C:\\Coding\\ESS\\OpsiMate\\apps\\server\\src\\api\\v1\\custom-actions\\router.ts": {"path":"C:\\Coding\\ESS\\OpsiMate\\apps\\server\\src\\api\\v1\\custom-actions\\router.ts","all":false,"statementMap":{"4":{"start":{"line":5,"column":0},"end":{"line":5,"column":88}},"5":{"start":{"line":6,"column":0},"end":{"line":6,"column":32}},"8":{"start":{"line":9,"column":0},"end":{"line":9,"column":34}},"9":{"start":{"line":10,"column":0},"end":{"line":10,"column":37}},"10":{"start":{"line":11,"column":0},"end":{"line":11,"column":46}},"11":{"start":{"line":12,"column":0},"end":{"line":12,"column":45}},"12":{"start":{"line":13,"column":0},"end":{"line":13,"column":48}},"15":{"start":{"line":16,"column":0},"end":{"line":16,"column":79}},"16":{"start":{"line":17,"column":0},"end":{"line":17,"column":76}},"18":{"start":{"line":19,"column":0},"end":{"line":19,"column":15}},"19":{"start":{"line":20,"column":0},"end":{"line":20,"column":1}}},"s":{"4":7,"5":7,"8":7,"9":7,"10":7,"11":7,"12":7,"15":7,"16":7,"18":7,"19":7},"branchMap":{"0":{"type":"branch","line":5,"loc":{"start":{"line":5,"column":0},"end":{"line":20,"column":1}},"locations":[{"start":{"line":5,"column":0},"end":{"line":20,"column":1}}]}},"b":{"0":[7]},"fnMap":{"0":{"name":"createCustomActionsRouter","decl":{"start":{"line":5,"column":0},"end":{"line":20,"column":1}},"loc":{"start":{"line":5,"column":0},"end":{"line":20,"column":1}},"line":5}},"f":{"0":7}}
,"C:\\Coding\\ESS\\OpsiMate\\apps\\server\\src\\api\\v1\\custom-fields\\controller.ts": {"path":"C:\\Coding\\ESS\\OpsiMate\\apps\\server\\src\\api\\v1\\custom-fields\\controller.ts","all":false,"statementMap":{"6":{"start":{"line":7,"column":0},"end":{"line":7,"column":57}},"9":{"start":{"line":10,"column":0},"end":{"line":10,"column":42}},"10":{"start":{"line":11,"column":0},"end":{"line":11,"column":95}},"11":{"start":{"line":12,"column":0},"end":{"line":12,"column":3}},"13":{"start":{"line":14,"column":0},"end":{"line":14,"column":42}},"14":{"start":{"line":15,"column":0},"end":{"line":15,"column":95}},"15":{"start":{"line":16,"column":0},"end":{"line":16,"column":3}},"17":{"start":{"line":18,"column":0},"end":{"line":18,"column":47}},"18":{"start":{"line":19,"column":0},"end":{"line":19,"column":79}},"19":{"start":{"line":20,"column":0},"end":{"line":20,"column":88}},"20":{"start":{"line":21,"column":0},"end":{"line":21,"column":47}},"21":{"start":{"line":22,"column":0},"end":{"line":22,"column":3}},"23":{"start":{"line":24,"column":0},"end":{"line":24,"column":37}},"24":{"start":{"line":25,"column":0},"end":{"line":25,"column":61}},"27":{"start":{"line":28,"column":0},"end":{"line":28,"column":61}},"28":{"start":{"line":29,"column":0},"end":{"line":29,"column":7}},"29":{"start":{"line":30,"column":0},"end":{"line":30,"column":60}},"30":{"start":{"line":31,"column":0},"end":{"line":31,"column":75}},"32":{"start":{"line":33,"column":0},"end":{"line":33,"column":32}},"33":{"start":{"line":34,"column":0},"end":{"line":34,"column":18}},"34":{"start":{"line":35,"column":0},"end":{"line":35,"column":32}},"35":{"start":{"line":36,"column":0},"end":{"line":36,"column":6}},"36":{"start":{"line":37,"column":0},"end":{"line":37,"column":19}},"37":{"start":{"line":38,"column":0},"end":{"line":38,"column":27}},"38":{"start":{"line":39,"column":0},"end":{"line":39,"column":33}},"39":{"start":{"line":40,"column":0},"end":{"line":40,"column":20}},"40":{"start":{"line":41,"column":0},"end":{"line":41,"column":31}},"41":{"start":{"line":42,"column":0},"end":{"line":42,"column":27}},"42":{"start":{"line":43,"column":0},"end":{"line":43,"column":7}},"43":{"start":{"line":44,"column":0},"end":{"line":44,"column":11}},"44":{"start":{"line":45,"column":0},"end":{"line":45,"column":56}},"45":{"start":{"line":46,"column":0},"end":{"line":46,"column":33}},"46":{"start":{"line":47,"column":0},"end":{"line":47,"column":20}},"47":{"start":{"line":48,"column":0},"end":{"line":48,"column":36}},"48":{"start":{"line":49,"column":0},"end":{"line":49,"column":7}},"49":{"start":{"line":50,"column":0},"end":{"line":50,"column":4}},"50":{"start":{"line":51,"column":0},"end":{"line":51,"column":3}},"51":{"start":{"line":52,"column":0},"end":{"line":52,"column":3}},"53":{"start":{"line":54,"column":0},"end":{"line":54,"column":59}},"54":{"start":{"line":55,"column":0},"end":{"line":55,"column":7}},"55":{"start":{"line":56,"column":0},"end":{"line":56,"column":68}},"56":{"start":{"line":57,"column":0},"end":{"line":57,"column":20}},"57":{"start":{"line":58,"column":0},"end":{"line":58,"column":18}},"58":{"start":{"line":59,"column":0},"end":{"line":59,"column":27}},"59":{"start":{"line":60,"column":0},"end":{"line":60,"column":6}},"60":{"start":{"line":61,"column":0},"end":{"line":61,"column":19}},"61":{"start":{"line":62,"column":0},"end":{"line":62,"column":55}},"62":{"start":{"line":63,"column":0},"end":{"line":63,"column":32}},"63":{"start":{"line":64,"column":0},"end":{"line":64,"column":19}},"64":{"start":{"line":65,"column":0},"end":{"line":65,"column":35}},"65":{"start":{"line":66,"column":0},"end":{"line":66,"column":6}},"66":{"start":{"line":67,"column":0},"end":{"line":67,"column":3}},"67":{"start":{"line":68,"column":0},"end":{"line":68,"column":3}},"69":{"start":{"line":70,"column":0},"end":{"line":70,"column":62}},"70":{"start":{"line":71,"column":0},"end":{"line":71,"column":7}},"71":{"start":{"line":72,"column":0},"end":{"line":72,"column":49}},"72":{"start":{"line":73,"column":0},"end":{"line":73,"column":30}},"73":{"start":{"line":74,"column":0},"end":{"line":74,"column":33}},"74":{"start":{"line":75,"column":0},"end":{"line":75,"column":20}},"75":{"start":{"line":76,"column":0},"end":{"line":76,"column":38}},"76":{"start":{"line":77,"column":0},"end":{"line":77,"column":7}},"77":{"start":{"line":78,"column":0},"end":{"line":78,"column":4}},"79":{"start":{"line":80,"column":0},"end":{"line":80,"column":83}},"80":{"start":{"line":81,"column":0},"end":{"line":81,"column":21}},"81":{"start":{"line":82,"column":0},"end":{"line":82,"column":21}},"82":{"start":{"line":83,"column":0},"end":{"line":83,"column":19}},"83":{"start":{"line":84,"column":0},"end":{"line":84,"column":27}},"84":{"start":{"line":85,"column":0},"end":{"line":85,"column":7}},"85":{"start":{"line":86,"column":0},"end":{"line":86,"column":11}},"86":{"start":{"line":87,"column":0},"end":{"line":87,"column":33}},"87":{"start":{"line":88,"column":0},"end":{"line":88,"column":20}},"88":{"start":{"line":89,"column":0},"end":{"line":89,"column":37}},"89":{"start":{"line":90,"column":0},"end":{"line":90,"column":7}},"90":{"start":{"line":91,"column":0},"end":{"line":91,"column":4}},"91":{"start":{"line":92,"column":0},"end":{"line":92,"column":19}},"92":{"start":{"line":93,"column":0},"end":{"line":93,"column":54}},"93":{"start":{"line":94,"column":0},"end":{"line":94,"column":32}},"94":{"start":{"line":95,"column":0},"end":{"line":95,"column":19}},"95":{"start":{"line":96,"column":0},"end":{"line":96,"column":35}},"96":{"start":{"line":97,"column":0},"end":{"line":97,"column":6}},"97":{"start":{"line":98,"column":0},"end":{"line":98,"column":3}},"98":{"start":{"line":99,"column":0},"end":{"line":99,"column":3}},"100":{"start":{"line":101,"column":0},"end":{"line":101,"column":61}},"101":{"start":{"line":102,"column":0},"end":{"line":102,"column":7}},"102":{"start":{"line":103,"column":0},"end":{"line":103,"column":49}},"103":{"start":{"line":104,"column":0},"end":{"line":104,"column":30}},"104":{"start":{"line":105,"column":0},"end":{"line":105,"column":33}},"105":{"start":{"line":106,"column":0},"end":{"line":106,"column":20}},"106":{"start":{"line":107,"column":0},"end":{"line":107,"column":38}},"107":{"start":{"line":108,"column":0},"end":{"line":108,"column":7}},"108":{"start":{"line":109,"column":0},"end":{"line":109,"column":4}},"110":{"start":{"line":111,"column":0},"end":{"line":111,"column":60}},"111":{"start":{"line":112,"column":0},"end":{"line":112,"column":84}},"113":{"start":{"line":114,"column":0},"end":{"line":114,"column":17}},"114":{"start":{"line":115,"column":0},"end":{"line":115,"column":21}},"115":{"start":{"line":116,"column":0},"end":{"line":116,"column":19}},"116":{"start":{"line":117,"column":0},"end":{"line":117,"column":50}},"117":{"start":{"line":118,"column":0},"end":{"line":118,"column":7}},"118":{"start":{"line":119,"column":0},"end":{"line":119,"column":11}},"119":{"start":{"line":120,"column":0},"end":{"line":120,"column":33}},"120":{"start":{"line":121,"column":0},"end":{"line":121,"column":20}},"121":{"start":{"line":122,"column":0},"end":{"line":122,"column":37}},"122":{"start":{"line":123,"column":0},"end":{"line":123,"column":7}},"123":{"start":{"line":124,"column":0},"end":{"line":124,"column":4}},"124":{"start":{"line":125,"column":0},"end":{"line":125,"column":19}},"125":{"start":{"line":126,"column":0},"end":{"line":126,"column":27}},"126":{"start":{"line":127,"column":0},"end":{"line":127,"column":33}},"127":{"start":{"line":128,"column":0},"end":{"line":128,"column":20}},"128":{"start":{"line":129,"column":0},"end":{"line":129,"column":31}},"129":{"start":{"line":130,"column":0},"end":{"line":130,"column":27}},"130":{"start":{"line":131,"column":0},"end":{"line":131,"column":7}},"131":{"start":{"line":132,"column":0},"end":{"line":132,"column":11}},"132":{"start":{"line":133,"column":0},"end":{"line":133,"column":56}},"133":{"start":{"line":134,"column":0},"end":{"line":134,"column":33}},"134":{"start":{"line":135,"column":0},"end":{"line":135,"column":20}},"135":{"start":{"line":136,"column":0},"end":{"line":136,"column":36}},"136":{"start":{"line":137,"column":0},"end":{"line":137,"column":7}},"137":{"start":{"line":138,"column":0},"end":{"line":138,"column":4}},"138":{"start":{"line":139,"column":0},"end":{"line":139,"column":3}},"139":{"start":{"line":140,"column":0},"end":{"line":140,"column":3}},"141":{"start":{"line":142,"column":0},"end":{"line":142,"column":61}},"142":{"start":{"line":143,"column":0},"end":{"line":143,"column":7}},"143":{"start":{"line":144,"column":0},"end":{"line":144,"column":49}},"144":{"start":{"line":145,"column":0},"end":{"line":145,"column":30}},"145":{"start":{"line":146,"column":0},"end":{"line":146,"column":33}},"146":{"start":{"line":147,"column":0},"end":{"line":147,"column":20}},"147":{"start":{"line":148,"column":0},"end":{"line":148,"column":38}},"148":{"start":{"line":149,"column":0},"end":{"line":149,"column":7}},"149":{"start":{"line":150,"column":0},"end":{"line":150,"column":4}},"151":{"start":{"line":152,"column":0},"end":{"line":152,"column":78}},"152":{"start":{"line":153,"column":0},"end":{"line":153,"column":17}},"153":{"start":{"line":154,"column":0},"end":{"line":154,"column":21}},"154":{"start":{"line":155,"column":0},"end":{"line":155,"column":19}},"155":{"start":{"line":156,"column":0},"end":{"line":156,"column":50}},"156":{"start":{"line":157,"column":0},"end":{"line":157,"column":7}},"157":{"start":{"line":158,"column":0},"end":{"line":158,"column":11}},"158":{"start":{"line":159,"column":0},"end":{"line":159,"column":33}},"159":{"start":{"line":160,"column":0},"end":{"line":160,"column":20}},"160":{"start":{"line":161,"column":0},"end":{"line":161,"column":37}},"161":{"start":{"line":162,"column":0},"end":{"line":162,"column":7}},"162":{"start":{"line":163,"column":0},"end":{"line":163,"column":4}},"163":{"start":{"line":164,"column":0},"end":{"line":164,"column":19}},"164":{"start":{"line":165,"column":0},"end":{"line":165,"column":55}},"165":{"start":{"line":166,"column":0},"end":{"line":166,"column":32}},"166":{"start":{"line":167,"column":0},"end":{"line":167,"column":19}},"167":{"start":{"line":168,"column":0},"end":{"line":168,"column":35}},"168":{"start":{"line":169,"column":0},"end":{"line":169,"column":6}},"169":{"start":{"line":170,"column":0},"end":{"line":170,"column":3}},"170":{"start":{"line":171,"column":0},"end":{"line":
[...]
:{"line":18,"column":33},"end":{"line":20,"column":2}},"locations":[{"start":{"line":18,"column":33},"end":{"line":20,"column":2}}]},"6":{"type":"branch","line":20,"loc":{"start":{"line":20,"column":1},"end":{"line":23,"column":18}},"locations":[{"start":{"line":20,"column":1},"end":{"line":23,"column":18}}]},"7":{"type":"branch","line":23,"loc":{"start":{"line":23,"column":18},"end":{"line":25,"column":2}},"locations":[{"start":{"line":23,"column":18},"end":{"line":25,"column":2}}]},"8":{"type":"branch","line":25,"loc":{"start":{"line":25,"column":1},"end":{"line":29,"column":1}},"locations":[{"start":{"line":25,"column":1},"end":{"line":29,"column":1}}]},"9":{"type":"branch","line":40,"loc":{"start":{"line":40,"column":0},"end":{"line":57,"column":1}},"locations":[{"start":{"line":40,"column":0},"end":{"line":57,"column":1}}]},"10":{"type":"branch","line":49,"loc":{"start":{"line":49,"column":37},"end":{"line":49,"column":72}},"locations":[{"start":{"line":49,"column":37},"end":{"line":49,"column":72}}]},"11":{"type":"branch","line":49,"loc":{"start":{"line":49,"column":72},"end":{"line":51,"column":3}},"locations":[{"start":{"line":49,"column":72},"end":{"line":51,"column":3}}]},"12":{"type":"branch","line":51,"loc":{"start":{"line":51,"column":2},"end":{"line":54,"column":9}},"locations":[{"start":{"line":51,"column":2},"end":{"line":54,"column":9}}]},"13":{"type":"branch","line":54,"loc":{"start":{"line":54,"column":1},"end":{"line":56,"column":2}},"locations":[{"start":{"line":54,"column":1},"end":{"line":56,"column":2}}]}},"b":{"0":[114],"1":[13],"2":[101],"3":[0],"4":[13],"5":[13],"6":[101],"7":[0],"8":[101],"9":[101],"10":[66],"11":[2],"12":[98],"13":[1]},"fnMap":{"0":{"name":"authenticateJWT","decl":{"start":{"line":11,"column":7},"end":{"line":29,"column":1}},"loc":{"start":{"line":11,"column":7},"end":{"line":29,"column":1}},"line":11},"1":{"name":"authenticateApiToken","decl":{"start":{"line":31,"column":0},"end":{"line":38,"column":1}},"loc":{"start":{"line":31,"column":0},"end":{"line":38,"column":1}},"line":31},"2":{"name":"authenticateUserJWT","decl":{"start":{"line":40,"column":0},"end":{"line":57,"column":1}},"loc":{"start":{"line":40,"column":0},"end":{"line":57,"column":1}},"line":40}},"f":{"0":114,"1":0,"2":101}}
,"C:\\Coding\\ESS\\OpsiMate\\apps\\server\\src\\utils\\encryption.ts": {"path":"C:\\Coding\\ESS\\OpsiMate\\apps\\server\\src\\utils\\encryption.ts","all":false,"statementMap":{"3":{"start":{"line":4,"column":0},"end":{"line":4,"column":32}},"4":{"start":{"line":5,"column":0},"end":{"line":5,"column":51}},"5":{"start":{"line":6,"column":0},"end":{"line":6,"column":23}},"6":{"start":{"line":7,"column":0},"end":{"line":7,"column":22}},"7":{"start":{"line":8,"column":0},"end":{"line":8,"column":22}},"9":{"start":{"line":10,"column":0},"end":{"line":10,"column":41}},"14":{"start":{"line":15,"column":0},"end":{"line":15,"column":37}},"15":{"start":{"line":16,"column":0},"end":{"line":16,"column":67}},"16":{"start":{"line":17,"column":0},"end":{"line":17,"column":1}},"21":{"start":{"line":22,"column":0},"end":{"line":22,"column":61}},"22":{"start":{"line":23,"column":0},"end":{"line":23,"column":73}},"23":{"start":{"line":24,"column":0},"end":{"line":24,"column":1}},"28":{"start":{"line":29,"column":0},"end":{"line":29,"column":83}},"29":{"start":{"line":30,"column":0},"end":{"line":30,"column":17}},"30":{"start":{"line":31,"column":0},"end":{"line":31,"column":18}},"31":{"start":{"line":32,"column":0},"end":{"line":32,"column":2}},"33":{"start":{"line":34,"column":0},"end":{"line":34,"column":38}},"34":{"start":{"line":35,"column":0},"end":{"line":35,"column":46}},"35":{"start":{"line":36,"column":0},"end":{"line":36,"column":42}},"36":{"start":{"line":37,"column":0},"end":{"line":37,"column":40}},"38":{"start":{"line":39,"column":0},"end":{"line":39,"column":58}},"40":{"start":{"line":41,"column":0},"end":{"line":41,"column":56}},"41":{"start":{"line":42,"column":0},"end":{"line":42,"column":34}},"43":{"start":{"line":44,"column":0},"end":{"line":44,"column":37}},"46":{"start":{"line":47,"column":0},"end":{"line":47,"column":84}},"48":{"start":{"line":49,"column":0},"end":{"line":49,"column":36}},"49":{"start":{"line":50,"column":0},"end":{"line":50,"column":1}},"54":{"start":{"line":55,"column":0},"end":{"line":55,"column":92}},"55":{"start":{"line":56,"column":0},"end":{"line":56,"column":26}},"56":{"start":{"line":57,"column":0},"end":{"line":57,"column":27}},"57":{"start":{"line":58,"column":0},"end":{"line":58,"column":2}},"59":{"start":{"line":60,"column":0},"end":{"line":60,"column":6}},"60":{"start":{"line":61,"column":0},"end":{"line":61,"column":39}},"61":{"start":{"line":62,"column":0},"end":{"line":62,"column":60}},"64":{"start":{"line":65,"column":0},"end":{"line":65,"column":49}},"65":{"start":{"line":66,"column":0},"end":{"line":66,"column":69}},"66":{"start":{"line":67,"column":0},"end":{"line":67,"column":99}},"67":{"start":{"line":68,"column":0},"end":{"line":68,"column":76}},"69":{"start":{"line":70,"column":0},"end":{"line":70,"column":41}},"71":{"start":{"line":72,"column":0},"end":{"line":72,"column":63}},"72":{"start":{"line":73,"column":0},"end":{"line":73,"column":31}},"74":{"start":{"line":75,"column":0},"end":{"line":75,"column":64}},"75":{"start":{"line":76,"column":0},"end":{"line":76,"column":38}},"77":{"start":{"line":78,"column":0},"end":{"line":78,"column":19}},"78":{"start":{"line":79,"column":0},"end":{"line":79,"column":18}},"79":{"start":{"line":80,"column":0},"end":{"line":80,"column":53}},"81":{"start":{"line":82,"column":0},"end":{"line":82,"column":27}},"82":{"start":{"line":83,"column":0},"end":{"line":83,"column":2}},"83":{"start":{"line":84,"column":0},"end":{"line":84,"column":1}},"88":{"start":{"line":89,"column":0},"end":{"line":89,"column":51}},"89":{"start":{"line":90,"column":0},"end":{"line":90,"column":64}},"90":{"start":{"line":91,"column":0},"end":{"line":91,"column":1}},"100":{"start":{"line":101,"column":0},"end":{"line":101,"column":46}},"104":{"start":{"line":105,"column":0},"end":{"line":105,"column":3}},"105":{"start":{"line":106,"column":0},"end":{"line":106,"column":54}},"106":{"start":{"line":107,"column":0},"end":{"line":107,"column":48}},"107":{"start":{"line":108,"column":0},"end":{"line":108,"column":37}},"108":{"start":{"line":109,"column":0},"end":{"line":109,"column":71}},"109":{"start":{"line":110,"column":0},"end":{"line":110,"column":49}},"110":{"start":{"line":111,"column":0},"end":{"line":111,"column":1}}},"s":{"3":1,"4":1,"5":1,"6":1,"7":1,"9":1,"14":46,"15":46,"16":46,"21":46,"22":46,"23":46,"28":1,"29":18,"30":2,"31":2,"33":16,"34":16,"35":16,"36":16,"38":16,"40":16,"41":16,"43":16,"46":16,"48":16,"49":16,"54":1,"55":32,"56":2,"57":2,"59":30,"60":30,"61":30,"64":30,"65":30,"66":30,"67":30,"69":30,"71":30,"72":30,"74":30,"75":30,"77":30,"78":32,"79":5,"81":5,"82":5,"83":32,"88":1,"89":0,"90":0,"100":1,"104":0,"105":0,"106":0,"107":0,"108":0,"109":0,"110":0},"branchMap":{"0":{"type":"branch","line":15,"loc":{"start":{"line":15,"column":0},"end":{"line":17,"column":1}},"locations":[{"start":{"line":15,"column":0},"end":{"line":17,"column":1}}]},"1":{"type":"branch","line":22,"loc":{"start":{"line":22,"column":0},"end":{"line":24,"column":1}},"locations":[{"start":{"line":22,"column":0},"end":{"line":24,"column":1}}]},"2":{"type":"branch","line":29,"loc":{"start":{"line":29,"column":7},"end":{"line":50,"column":1}},"locations":[{"start":{"line":29,"column":7},"end":{"line":50,"column":1}}]},"3":{"type":"branch","line":30,"loc":{"start":{"line":30,"column":16},"end":{"line":32,"column":2}},"locations":[{"start":{"line":30,"column":16},"end":{"line":32,"column":2}}]},"4":{"type":"branch","line":32,"loc":{"start":{"line":32,"column":1},"end":{"line":50,"column":1}},"locations":[{"start":{"line":32,"column":1},"end":{"line":50,"column":1}}]},"5":{"type":"branch","line":55,"loc":{"start":{"line":55,"column":7},"end":{"line":84,"column":1}},"locations":[{"start":{"line":55,"column":7},"end":{"line":84,"column":1}}]},"6":{"type":"branch","line":56,"loc":{"start":{"line":56,"column":25},"end":{"line":58,"column":2}},"locations":[{"start":{"line":56,"column":25},"end":{"line":58,"column":2}}]},"7":{"type":"branch","line":58,"loc":{"start":{"line":58,"column":1},"end":{"line":79,"column":10}},"locations":[{"start":{"line":58,"column":1},"end":{"line":79,"column":10}}]},"8":{"type":"branch","line":79,"loc":{"start":{"line":79,"column":1},"end":{"line":83,"column":2}},"locations":[{"start":{"line":79,"column":1},"end":{"line":83,"column":2}}]}},"b":{"0":[46],"1":[46],"2":[18],"3":[2],"4":[16],"5":[32],"6":[2],"7":[30],"8":[5]},"fnMap":{"0":{"name":"getEncryptionKey","decl":{"start":{"line":15,"column":0},"end":{"line":17,"column":1}},"loc":{"start":{"line":15,"column":0},"end":{"line":17,"column":1}},"line":15},"1":{"name":"deriveKey","decl":{"start":{"line":22,"column":0},"end":{"line":24,"column":1}},"loc":{"start":{"line":22,"column":0},"end":{"line":24,"column":1}},"line":22},"2":{"name":"encryptPassword","decl":{"start":{"line":29,"column":7},"end":{"line":50,"column":1}},"loc":{"start":{"line":29,"column":7},"end":{"line":50,"column":1}},"line":29},"3":{"name":"decryptPassword","decl":{"start":{"line":55,"column":7},"end":{"line":84,"column":1}},"loc":{"start":{"line":55,"column":7},"end":{"line":84,"column":1}},"line":55},"4":{"name":"hashString","decl":{"start":{"line":89,"column":7},"end":{"line":91,"column":1}},"loc":{"start":{"line":89,"column":7},"end":{"line":91,"column":1}},"line":89},"5":{"name":"generatePasswordResetInfo","decl":{"start":{"line":101,"column":7},"end":{"line":111,"column":1}},"loc":{"start":{"line":101,"column":7},"end":{"line":111,"column":1}},"line":101}},"f":{"0":46,"1":46,"2":18,"3":32,"4":0,"5":0}}
,"C:\\Coding\\ESS\\OpsiMate\\apps\\server\\src\\utils\\isZodError.ts": {"path":"C:\\Coding\\ESS\\OpsiMate\\apps\\server\\src\\utils\\isZodError.ts","all":false,"statementMap":{"2":{"start":{"line":3,"column":0},"end":{"line":3,"column":66}},"3":{"start":{"line":4,"column":0},"end":{"line":4,"column":45}},"5":{"start":{"line":6,"column":0},"end":{"line":6,"column":44}},"6":{"start":{"line":7,"column":0},"end":{"line":7,"column":56}},"7":{"start":{"line":8,"column":0},"end":{"line":8,"column":69}},"9":{"start":{"line":10,"column":0},"end":{"line":10,"column":14}},"10":{"start":{"line":11,"column":0},"end":{"line":11,"column":2}}},"s":{"2":1,"3":11,"5":11,"6":11,"7":11,"9":2,"10":2},"branchMap":{"0":{"type":"branch","line":3,"loc":{"start":{"line":3,"column":26},"end":{"line":11,"column":2}},"locations":[{"start":{"line":3,"column":26},"end":{"line":11,"column":2}}]},"1":{"type":"branch","line":4,"loc":{"start":{"line":4,"column":32},"end":{"line":4,"column":45}},"locations":[{"start":{"line":4,"column":32},"end":{"line":4,"column":45}}]},"2":{"type":"branch","line":6,"loc":{"start":{"line":6,"column":32},"end":{"line":7,"column":51}},"locations":[{"start":{"line":6,"column":32},"end":{"line":7,"column":51}}]},"3":{"type":"branch","line":6,"loc":{"start":{"line":6,"column":32},"end":{"line":6,"column":44}},"locations":[{"start":{"line":6,"column":32},"end":{"line":6,"column":44}}]},"4":{"type":"branch","line":6,"loc":{"start":{"line":6,"column":39},"end":{"line":7,"column":51}},"locations":[{"start":{"line":6,"column":39},"end":{"line":7,"column":51}}]},"5":{"type":"branch","line":7,"loc":{"start":{"line":7,"column":44},"end":{"line":8,"column":57}},"locations":[{"start":{"line":7,"column":44},"end":{"line":8,"column":57}}]},"6":{"type":"branch","line":7,"loc":{"start":{"line":7,"column":44},"end":{"line":7,"column":56}},"locations":[{"start":{"line":7,"column":44},"end":{"line":7,"column":56}}]},"7":{"type":"branch","line":7,"loc":{"start":{"line":7,"column":51},"end":{"line":8,"column":26}},"locations":[{"start":{"line":7,"column":51},"end":{"line":8,"column":26}}]},"8":{"type":"branch","line":8,"loc":{"start":{"line":8,"column":17},"end":{"line":8,"column":57}},"locations":[{"start":{"line":8,"column":17},"end":{"line":8,"column":57}}]},"9":{"type":"branch","line":8,"loc":{"start":{"line":8,"column":57},"end":{"line":11,"column":2}},"locations":[{"start":{"line":8,"column":57},"end":{"line":11,"column":2}}]},"10":{"type":"branch","line":8,"loc":{"start":{"line":8,"column":57},"end":{"line":8,"column":69}},"locations":[{"start":{"line":8,"column":57},"end":{"line":8,"column":69}}]},"11":{"type":"branch","line":8,"loc":{"start":{"line":8,"column":64},"end":{"line":11,"column":2}},"locations":[{"start":{"line":8,"column":64},"end":{"line":11,"column":2}}]}},"b":{"0":[11],"1":[0],"2":[10],"3":[9],"4":[2],"5":[6],"6":[0],"7":[2],"8":[0],"9":[6],"10":[0],"11":[2]},"fnMap":{"0":{"name":"isZodError","decl":{"start":{"line":3,"column":26},"end":{"line":11,"column":2}},"loc":{"start":{"line":3,"column":26},"end":{"line":11,"column":2}},"line":3}},"f":{"0":11}}
,"C:\\Coding\\ESS\\OpsiMate\\apps\\server\\src\\utils\\mailTemplate.ts": {"path":"C:\\Coding\\ESS\\OpsiMate\\apps\\server\\src\\utils\\mailTemplate.ts","all":false,"statementMap":{"6":{"start":{"line":7,"column":0},"end":{"line":7,"column":73}},"7":{"start":{"line":8,"column":0},"end":{"line":8,"column":114}},"9":{"start":{"line":10,"column":0},"end":{"line":10,"column":9}},"14":{"start":{"line":15,"column":0},"end":{"line":15,"column":21}},"16":{"start":{"line":17,"column":0},"end":{"line":17,"column":18}},"19":{"start":{"line":20,"column":0},"end":{"line":20,"column":85}},"24":{"start":{"line":25,"column":0},"end":{"line":25,"column":1}},"32":{"start":{"line":33,"column":0},"end":{"line":33,"column":76}},"33":{"start":{"line":34,"column":0},"end":{"line":34,"column":18}},"35":{"start":{"line":36,"column":0},"end":{"line":36,"column":53}},"38":{"start":{"line":39,"column":0},"end":{"line":39,"column":173}},"47":{"start":{"line":48,"column":0},"end":{"line":48,"column":59}},"48":{"start":{"line":49,"column":0},"end":{"line":49,"column":1}},"55":{"start":{"line":56,"column":0},"end":{"line":56,"column":73}},"56":{"start":{"line":57,"column":0},"end":{"line":57,"column":22}},"58":{"start":{"line":59,"column":0},"end":{"line":59,"column":124}},"60":{"start":{"line":61,"column":0},"end":{"line":61,"column":87}},"62":{"start":{"line":63,"column":0},"end":{"line":63,"column":18}},"63":{"start":{"line":64,"column":0},"end":{"line":64,"column":11}},"90":{"start":{"line":91,"column":0},"end":{"line":91,"column":36}},"91":{"start":{"line":92,"column":0},"end":{"line":92,"column":1}}},"s":{"6":3,"7":3,"9":3,"14":3,"16":3,"19":3,"24":3,"32":1,"33":1,"35":1,"38":1,"47":1,"48":1,"55":1,"56":2,"58":2,"60":2,"62":2,"63":2,"90":2,"91":2},"branchMap":{"0":{"type":"branch","line":7,"loc":{"start":{"line":7,"column":0},"end":{"line":25,"column":1}},"locations":[{"start":{"line":7,"column":0},"end":{"line":25,"column":1}}]},"1":{"type":"branch","line":8,"loc":{"start":{"line":8,"column":12},"end":{"line":8,"column":111}},"locations":[{"start":{"line":8,"column":12},"end":{"line":8,"column":111}}]},"2":{"type":"branch","line":8,"loc":{"start":{"line":8,"column":101},"end":{"line":8,"column":114}},"locations":[{"start":{"line":8,"column":101},"end":{"line":8,"column":114}}]},"3":{"type":"branch","line":33,"loc":{"start":{"line":33,"column":7},"end":{"line":49,"column":1}},"locations":[{"start":{"line":33,"column":7},"end":{"line":49,"column":1}}]},"4":{"type":"branch","line":36,"loc":{"start":{"line":36,"column":33},"end":{"line":36,"column":47}},"locations":[{"start":{"line":36,"column":33},"end":{"line":36,"column":47}}]},"5":{"type":"branch","line":56,"loc":{"start":{"line":56,"column":7},"end":{"line":92,"column":1}},"locations":[{"start":{"line":56,"column":7},"end":{"line":92,"column":1}}]},"6":{"type":"branch","line":59,"loc":{"start":{"line":59,"column":11},"end":{"line":59,"column":39}},"locations":[{"start":{"line":59,"column":11},"end":{"line":59,"column":39}}]},"7":{"type":"branch","line":59,"loc":{"start":{"line":59,"column":34},"end":{"line":59,"column":41}},"locations":[{"start":{"line":59,"column":34},"end":{"line":59,"column":41}}]},"8":{"type":"branch","line":61,"loc":{"start":{"line":61,"column":29},"end":{"line":61,"column":62}},"locations":[{"start":{"line":61,"column":29},"end":{"line":61,"column":62}}]},"9":{"type":"branch","line":61,"loc":{"start":{"line":61,"column":57},"end":{"line":61,"column":76}},"locations":[{"start":{"line":61,"column":57},"end":{"line":61,"column":76}}]},"10":{"type":"branch","line":61,"loc":{"start":{"line":61,"column":62},"end":{"line":61,"column":87}},"locations":[{"start":{"line":61,"column":62},"end":{"line":61,"column":87}}]}},"b":{"0":[3],"1":[1],"2":[2],"3":[1],"4":[0],"5":[2],"6":[1],"7":[1],"8":[1],"9":[1],"10":[1]},"fnMap":{"0":{"name":"buildEmailSkeleton","decl":{"start":{"line":7,"column":0},"end":{"line":25,"column":1}},"loc":{"start":{"line":7,"column":0},"end":{"line":25,"column":1}},"line":7},"1":{"name":"passwordResetTemplate","decl":{"start":{"line":33,"column":7},"end":{"line":49,"column":1}},"loc":{"start":{"line":33,"column":7},"end":{"line":49,"column":1}},"line":33},"2":{"name":"welcomeTemplate","decl":{"start":{"line":56,"column":7},"end":{"line":92,"column":1}},"loc":{"start":{"line":56,"column":7},"end":{"line":92,"column":1}},"line":56}},"f":{"0":3,"1":1,"2":2}}
,"C:\\Coding\\ESS\\OpsiMate\\apps\\server\\src\\utils\\validators\\validators.ts": {"path":"C:\\Coding\\ESS\\OpsiMate\\apps\\server\\src\\utils\\validators\\validators.ts","all":false,"statementMap":{"3":{"start":{"line":4,"column":0},"end":{"line":4,"column":44}},"4":{"start":{"line":5,"column":0},"end":{"line":5,"column":64}},"5":{"start":{"line":6,"column":0},"end":{"line":6,"column":6}},"6":{"start":{"line":7,"column":0},"end":{"line":7,"column":33}},"7":{"start":{"line":8,"column":0},"end":{"line":8,"column":68}},"8":{"start":{"line":9,"column":0},"end":{"line":9,"column":16}},"9":{"start":{"line":10,"column":0},"end":{"line":10,"column":3}},"10":{"start":{"line":11,"column":0},"end":{"line":11,"column":68}},"11":{"start":{"line":12,"column":0},"end":{"line":12,"column":28}},"12":{"start":{"line":13,"column":0},"end":{"line":13,"column":16}},"13":{"start":{"line":14,"column":0},"end":{"line":14,"column":3}},"14":{"start":{"line":15,"column":0},"end":{"line":15,"column":14}},"15":{"start":{"line":16,"column":0},"end":{"line":16,"column":10}},"16":{"start":{"line":17,"column":0},"end":{"line":17,"column":15}},"17":{"start":{"line":18,"column":0},"end":{"line":18,"column":2}},"18":{"start":{"line":19,"column":0},"end":{"line":19,"column":1}},"20":{"start":{"line":21,"column":0},"end":{"line":21,"column":62}},"21":{"start":{"line":22,"column":0},"end":{"line":22,"column":6}},"22":{"start":{"line":23,"column":0},"end":{"line":23,"column":34}},"23":{"start":{"line":24,"column":0},"end":{"line":24,"column":109}},"24":{"start":{"line":25,"column":0},"end":{"line":25,"column":15}},"25":{"start":{"line":26,"column":0},"end":{"line":26,"column":3}},"26":{"start":{"line":27,"column":0},"end":{"line":27,"column":15}},"27":{"start":{"line":28,"column":0},"end":{"line":28,"column":27}},"28":{"start":{"line":29,"column":0},"end":{"line":29,"column":61}},"29":{"start":{"line":30,"column":0},"end":{"line":30,"column":15}},"30":{"start":{"line":31,"column":0},"end":{"line":31,"column":2}},"31":{"start":{"line":32,"column":0},"end":{"line":32,"column":1}}},"s":{"3":1,"4":1,"5":0,"6":0,"7":0,"8":0,"9":0,"10":0,"11":0,"12":0,"13":0,"14":0,"15":0,"16":0,"17":0,"18":0,"20":1,"21":0,"22":0,"23":0,"24":0,"25":0,"26":0,"27":0,"28":0,"29":0,"30":0,"31":0},"branchMap":{},"b":{},"fnMap":{"0":{"name":"validatePublicSSHKey","decl":{"start":{"line":5,"column":7},"end":{"line":19,"column":1}},"loc":{"start":{"line":5,"column":7},"end":{"line":19,"column":1}},"line":5},"1":{"name":"validateKubeConfig","decl":{"start":{"line":21,"column":7},"end":{"line":32,"column":1}},"loc":{"start":{"line":21,"column":7},"end":{"line":32,"column":1}},"line":21}},"f":{"0":0,"1":0}}
}
